16:04:16 **** Clean-only build of configuration Debug for project microblaze_stream_test ****
make clean 
rm -rf  ./src/helloworld.o ./src/platform.o  ./src/helloworld.d ./src/platform.d  microblaze_stream_test.elf.size  microblaze_stream_test.elf
' '
16:04:17 **** Clean-only build of project microblaze_stream_test_bsp ****
make -k clean 
make -C microblaze_0/libsrc/bram_v4_3/src -s clean 
make -C microblaze_0/libsrc/cpu_v2_9/src -s clean 
make -C microblaze_0/libsrc/gpio_v4_4/src -s clean 
make -C microblaze_0/libsrc/libmetal_v2_0/src -s clean 
make -C microblaze_0/libsrc/rfdc_v6_0/src -s clean 
rm: cannot lstat `*.o': Invalid argument
make[1]: *** [Makefile:28: clean] Error 1
make: *** [Makefile:33: microblaze_0/libsrc/rfdc_v6_0/src/make.clean] Error 2
make -C microblaze_0/libsrc/standalone_v7_0/src -s clean 
make -C microblaze_0/libsrc/uartlite_v3_2/src -s clean 
make: Target 'clean' not remade because of errors.
16:04:20 **** Build of project microblaze_stream_test_bsp ****
make -k all 
"Running Make include in microblaze_0/libsrc/bram_v4_3/src"
make -C microblaze_0/libsrc/bram_v4_3/src -s include  "SHELL=CMD" "COMPILER=mb-gcc" "ARCHIVER=mb-ar" "COMPILER_FLAGS=  -O2 -c -mcpu=v11.0 -mlittle-endian -mxl-soft-mul" "EXTRA_COMPILER_FLAGS=-ffunction-sections -fdata-sections -Wall -Wextra"
"Running Make include in microblaze_0/libsrc/cpu_v2_9/src"
make -C microblaze_0/libsrc/cpu_v2_9/src -s include  "SHELL=CMD" "COMPILER=mb-gcc" "ARCHIVER=mb-ar" "COMPILER_FLAGS=  -O2 -c -mcpu=v11.0 -mlittle-endian -mxl-soft-mul" "EXTRA_COMPILER_FLAGS=-ffunction-sections -fdata-sections -Wall -Wextra"
"Running Make include in microblaze_0/libsrc/gpio_v4_4/src"
make -C microblaze_0/libsrc/gpio_v4_4/src -s include  "SHELL=CMD" "COMPILER=mb-gcc" "ARCHIVER=mb-ar" "COMPILER_FLAGS=  -O2 -c -mcpu=v11.0 -mlittle-endian -mxl-soft-mul" "EXTRA_COMPILER_FLAGS=-ffunction-sections -fdata-sections -Wall -Wextra"
"Running Make include in microblaze_0/libsrc/libmetal_v2_0/src"
make -C microblaze_0/libsrc/libmetal_v2_0/src -s include  "SHELL=CMD" "COMPILER=mb-gcc" "ARCHIVER=mb-ar" "COMPILER_FLAGS=  -O2 -c -mcpu=v11.0 -mlittle-endian -mxl-soft-mul" "EXTRA_COMPILER_FLAGS=-ffunction-sections -fdata-sections -Wall -Wextra"
"Running Make include in microblaze_0/libsrc/rfdc_v6_0/src"
make -C microblaze_0/libsrc/rfdc_v6_0/src -s include  "SHELL=CMD" "COMPILER=mb-gcc" "ARCHIVER=mb-ar" "COMPILER_FLAGS=  -O2 -c -mcpu=v11.0 -mlittle-endian -mxl-soft-mul" "EXTRA_COMPILER_FLAGS=-ffunction-sections -fdata-sections -Wall -Wextra"
"Running Make include in microblaze_0/libsrc/standalone_v7_0/src"
make -C microblaze_0/libsrc/standalone_v7_0/src -s include  "SHELL=CMD" "COMPILER=mb-gcc" "ARCHIVER=mb-ar" "COMPILER_FLAGS=  -O2 -c -mcpu=v11.0 -mlittle-endian -mxl-soft-mul" "EXTRA_COMPILER_FLAGS=-ffunction-sections -fdata-sections -Wall -Wextra"
"Running Make include in microblaze_0/libsrc/uartlite_v3_2/src"
make -C microblaze_0/libsrc/uartlite_v3_2/src -s include  "SHELL=CMD" "COMPILER=mb-gcc" "ARCHIVER=mb-ar" "COMPILER_FLAGS=  -O2 -c -mcpu=v11.0 -mlittle-endian -mxl-soft-mul" "EXTRA_COMPILER_FLAGS=-ffunction-sections -fdata-sections -Wall -Wextra"
"Running Make libs in microblaze_0/libsrc/bram_v4_3/src"
make -C microblaze_0/libsrc/bram_v4_3/src -s libs  "SHELL=CMD" "COMPILER=mb-gcc" "ARCHIVER=mb-ar" "COMPILER_FLAGS=  -O2 -c -mcpu=v11.0 -mlittle-endian -mxl-soft-mul" "EXTRA_COMPILER_FLAGS=-ffunction-sections -fdata-sections -Wall -Wextra"
"Compiling bram"
"Running Make libs in microblaze_0/libsrc/cpu_v2_9/src"
make -C microblaze_0/libsrc/cpu_v2_9/src -s libs  "SHELL=CMD" "COMPILER=mb-gcc" "ARCHIVER=mb-ar" "COMPILER_FLAGS=  -O2 -c -mcpu=v11.0 -mlittle-endian -mxl-soft-mul" "EXTRA_COMPILER_FLAGS=-ffunction-sections -fdata-sections -Wall -Wextra"
"Compiling cpu"
"Running Make libs in microblaze_0/libsrc/gpio_v4_4/src"
make -C microblaze_0/libsrc/gpio_v4_4/src -s libs  "SHELL=CMD" "COMPILER=mb-gcc" "ARCHIVER=mb-ar" "COMPILER_FLAGS=  -O2 -c -mcpu=v11.0 -mlittle-endian -mxl-soft-mul" "EXTRA_COMPILER_FLAGS=-ffunction-sections -fdata-sections -Wall -Wextra"
"Compiling gpio"
"Running Make libs in microblaze_0/libsrc/libmetal_v2_0/src"
make -C microblaze_0/libsrc/libmetal_v2_0/src -s libs  "SHELL=CMD" "COMPILER=mb-gcc" "ARCHIVER=mb-ar" "COMPILER_FLAGS=  -O2 -c -mcpu=v11.0 -mlittle-endian -mxl-soft-mul" "EXTRA_COMPILER_FLAGS=-ffunction-sections -fdata-sections -Wall -Wextra"
[  5%] Building C object lib/CMakeFiles/metal-static.dir/dma.c.obj
[ 10%] Building C object lib/CMakeFiles/metal-static.dir/device.c.obj
[ 15%] Building C object lib/CMakeFiles/metal-static.dir/init.c.obj
[ 21%] Building C object lib/CMakeFiles/metal-static.dir/io.c.obj
[ 26%] Building C object lib/CMakeFiles/metal-static.dir/irq.c.obj
[ 31%] Building C object lib/CMakeFiles/metal-static.dir/log.c.obj
[ 36%] Building C object lib/CMakeFiles/metal-static.dir/shmem.c.obj
[ 42%] Building C object lib/CMakeFiles/metal-static.dir/shmem-provider.c.obj
[ 47%] Building C object lib/CMakeFiles/metal-static.dir/softirq.c.obj
[ 52%] Building C object lib/CMakeFiles/metal-static.dir/version.c.obj
[ 57%] Building C object lib/CMakeFiles/metal-static.dir/system/generic/condition.c.obj
[ 63%] Building C object lib/CMakeFiles/metal-static.dir/system/generic/device.c.obj
[ 68%] Building C object lib/CMakeFiles/metal-static.dir/system/generic/init.c.obj
[ 73%] Building C object lib/CMakeFiles/metal-static.dir/system/generic/io.c.obj
[ 78%] Building C object lib/CMakeFiles/metal-static.dir/system/generic/irq.c.obj
[ 84%] Building C object lib/CMakeFiles/metal-static.dir/system/generic/time.c.obj
[ 89%] Building C object lib/CMakeFiles/metal-static.dir/system/generic/microblaze_generic/sys.c.obj
[ 94%] Building C object lib/CMakeFiles/metal-static.dir/system/generic/xlnx_common/irq.c.obj
[100%] Linking C static library libmetal.a
C:/Xilinx/SDK/2019.1/gnu/microblaze/nt/bin/mb-ar.exe cq libmetal.a  CMakeFiles/metal-static.dir/dma.c.obj CMakeFiles/metal-static.dir/device.c.obj CMakeFiles/metal-static.dir/init.c.obj CMakeFiles/metal-static.dir/io.c.obj CMakeFiles/metal-static.dir/irq.c.obj CMakeFiles/metal-static.dir/log.c.obj CMakeFiles/metal-static.dir/shmem.c.obj CMakeFiles/metal-static.dir/shmem-provider.c.obj CMakeFiles/metal-static.dir/softirq.c.obj CMakeFiles/metal-static.dir/version.c.obj CMakeFiles/metal-static.dir/system/generic/condition.c.obj CMakeFiles/metal-static.dir/system/generic/device.c.obj CMakeFiles/metal-static.dir/system/generic/init.c.obj CMakeFiles/metal-static.dir/system/generic/io.c.obj CMakeFiles/metal-static.dir/system/generic/irq.c.obj CMakeFiles/metal-static.dir/system/generic/time.c.obj CMakeFiles/metal-static.dir/system/generic/microblaze_generic/sys.c.obj CMakeFiles/metal-static.dir/system/generic/xlnx_common/irq.c.obj
C:/Xilinx/SDK/2019.1/gnu/microblaze/nt/bin/mb-ranlib.exe libmetal.a
[100%] Built target metal-static
Install the project...
-- Install configuration: "Debug"
-- Installing: ../../../include/metal/alloc.h
-- Installing: ../../../include/metal/assert.h
-- Installing: ../../../include/metal/atomic.h
-- Installing: ../../../include/metal/cache.h
-- Installing: ../../../include/metal/compiler.h
-- Installing: ../../../include/metal/condition.h
-- Installing: ../../../include/metal/config.h
-- Installing: ../../../include/metal/cpu.h
-- Installing: ../../../include/metal/device.h
-- Installing: ../../../include/metal/dma.h
-- Installing: ../../../include/metal/io.h
-- Installing: ../../../include/metal/irq.h
-- Installing: ../../../include/metal/irq_controller.h
-- Installing: ../../../include/metal/list.h
-- Installing: ../../../include/metal/log.h
-- Installing: ../../../include/metal/mutex.h
-- Installing: ../../../include/metal/scatterlist.h
-- Installing: ../../../include/metal/shmem.h
-- Installing: ../../../include/metal/shmem-provider.h
-- Installing: ../../../include/metal/sleep.h
-- Installing: ../../../include/metal/softirq.h
-- Installing: ../../../include/metal/spinlock.h
-- Installing: ../../../include/metal/sys.h
-- Installing: ../../../include/metal/time.h
-- Installing: ../../../include/metal/utilities.h
-- Installing: ../../../include/metal/version.h
-- Installing: ../../../include/metal/compiler/gcc/atomic.h
-- Installing: ../../../include/metal/compiler/gcc/compiler.h
-- Installing: ../../../include/metal/compiler/iar/compiler.h
-- Installing: ../../../include/metal/processor/microblaze/atomic.h
-- Installing: ../../../include/metal/processor/microblaze/cpu.h
-- Installing: ../../../include/metal/system/generic/alloc.h
-- Installing: ../../../include/metal/system/generic/assert.h
-- Installing: ../../../include/metal/system/generic/cache.h
-- Installing: ../../../include/metal/system/generic/condition.h
-- Installing: ../../../include/metal/system/generic/io.h
-- Installing: ../../../include/metal/system/generic/irq.h
-- Installing: ../../../include/metal/system/generic/log.h
-- Installing: ../../../include/metal/system/generic/mutex.h
-- Installing: ../../../include/metal/system/generic/sleep.h
-- Installing: ../../../include/metal/system/generic/sys.h
-- Installing: ../../../include/metal/system/generic/microblaze_generic/sys.h
-- Installing: ../../../include/metal/system/generic/xlnx_common/sys.h
-- Installing: ../../../lib/libmetal.a
"Running Make libs in microblaze_0/libsrc/rfdc_v6_0/src"
make -C microblaze_0/libsrc/rfdc_v6_0/src -s libs  "SHELL=CMD" "COMPILER=mb-gcc" "ARCHIVER=mb-ar" "COMPILER_FLAGS=  -O2 -c -mcpu=v11.0 -mlittle-endian -mxl-soft-mul" "EXTRA_COMPILER_FLAGS=-ffunction-sections -fdata-sections -Wall -Wextra"
"Compiling rfdc"
"Running Make libs in microblaze_0/libsrc/standalone_v7_0/src"
make -C microblaze_0/libsrc/standalone_v7_0/src -s libs  "SHELL=CMD" "COMPILER=mb-gcc" "ARCHIVER=mb-ar" "COMPILER_FLAGS=  -O2 -c -mcpu=v11.0 -mlittle-endian -mxl-soft-mul" "EXTRA_COMPILER_FLAGS=-ffunction-sections -fdata-sections -Wall -Wextra"
"Compiling standalone";
microblaze_sleep.c:77:9: note: #pragma message: For the sleep routines, assembly instructions are used
 #pragma message ("For the sleep routines, assembly instructions are used")
         ^~~~~~~
"Running Make libs in microblaze_0/libsrc/uartlite_v3_2/src"
make -C microblaze_0/libsrc/uartlite_v3_2/src -s libs  "SHELL=CMD" "COMPILER=mb-gcc" "ARCHIVER=mb-ar" "COMPILER_FLAGS=  -O2 -c -mcpu=v11.0 -mlittle-endian -mxl-soft-mul" "EXTRA_COMPILER_FLAGS=-ffunction-sections -fdata-sections -Wall -Wextra"
"Compiling uartlite"
'Finished building libraries'
16:04:42 **** Build of configuration Debug for project microblaze_stream_test ****
make all 
'Building file: ../src/helloworld.c'
'Invoking: MicroBlaze gcc compiler'
mb-gcc -Wall -O0 -g3 -c -fmessage-length=0 -MT"src/helloworld.o" -D __BAREMETAL__ -I../../microblaze_stream_test_bsp/microblaze_0/include -mlittle-endian -mcpu=v11.0 -mxl-soft-mul -Wl,--no-relax -ffunction-sections -fdata-sections -MMD -MP -MF"src/helloworld.d" -MT"src/helloworld.o" -o "src/helloworld.o" "../src/helloworld.c"
../src/helloworld.c: In function 'rf_wave_test':
../src/helloworld.c:210:6: warning: variable 'test_train' set but not used [-Wunused-but-set-variable]
  u16 test_train[256];
      ^~~~~~~~~~
'Finished building: ../src/helloworld.c'
' '
'Building file: ../src/platform.c'
'Invoking: MicroBlaze gcc compiler'
mb-gcc -Wall -O0 -g3 -c -fmessage-length=0 -MT"src/platform.o" -D __BAREMETAL__ -I../../microblaze_stream_test_bsp/microblaze_0/include -mlittle-endian -mcpu=v11.0 -mxl-soft-mul -Wl,--no-relax -ffunction-sections -fdata-sections -MMD -MP -MF"src/platform.d" -MT"src/platform.o" -o "src/platform.o" "../src/platform.c"
'Finished building: ../src/platform.c'
' '
'Building target: microblaze_stream_test.elf'
'Invoking: MicroBlaze gcc linker'
mb-gcc -Wl,-T -Wl,../src/lscript.ld -L../../microblaze_stream_test_bsp/microblaze_0/lib -mlittle-endian -mcpu=v11.0 -mxl-soft-mul -Wl,--no-relax -Wl,--gc-sections -o "microblaze_stream_test.elf"  ./src/helloworld.o ./src/platform.o   -Wl,--start-group,-lxil,-lgcc,-lc,--end-group -Wl,--start-group,-lxil,-lmetal,-lgcc,-lc,--end-group
'Finished building target: microblaze_stream_test.elf'
' '
'Invoking: MicroBlaze Print Size'
mb-size microblaze_stream_test.elf  |tee "microblaze_stream_test.elf.size"
   text	   data	    bss	    dec	    hex	filename
  74242	   3376	   9958	  87576	  15618	microblaze_stream_test.elf
'Finished building: microblaze_stream_test.elf.size'
' '
16:04:51 **** Incremental Build of configuration Debug for project microblaze_stream_test ****
make all 
make: Nothing to be done for 'all'.
16:06:35 **** Auto Build of configuration Debug for project microblaze_stream_test ****
make all 
'Building file: ../src/helloworld.c'
'Invoking: MicroBlaze gcc compiler'
mb-gcc -Wall -O0 -g3 -c -fmessage-length=0 -MT"src/helloworld.o" -D __BAREMETAL__ -I../../microblaze_stream_test_bsp/microblaze_0/include -mlittle-endian -mcpu=v11.0 -mxl-soft-mul -Wl,--no-relax -ffunction-sections -fdata-sections -MMD -MP -MF"src/helloworld.d" -MT"src/helloworld.o" -o "src/helloworld.o" "../src/helloworld.c"
../src/helloworld.c: In function 'rf_wave_test':
../src/helloworld.c:210:6: warning: variable 'test_train' set but not used [-Wunused-but-set-variable]
  u16 test_train[256];
      ^~~~~~~~~~
'Finished building: ../src/helloworld.c'
' '
'Building target: microblaze_stream_test.elf'
'Invoking: MicroBlaze gcc linker'
mb-gcc -Wl,-T -Wl,../src/lscript.ld -L../../microblaze_stream_test_bsp/microblaze_0/lib -mlittle-endian -mcpu=v11.0 -mxl-soft-mul -Wl,--no-relax -Wl,--gc-sections -o "microblaze_stream_test.elf"  ./src/helloworld.o ./src/platform.o   -Wl,--start-group,-lxil,-lgcc,-lc,--end-group -Wl,--start-group,-lxil,-lmetal,-lgcc,-lc,--end-group
'Finished building target: microblaze_stream_test.elf'
' '
'Invoking: MicroBlaze Print Size'
mb-size microblaze_stream_test.elf  |tee "microblaze_stream_test.elf.size"
   text	   data	    bss	    dec	    hex	filename
  74250	   3376	   9958	  87584	  15620	microblaze_stream_test.elf
'Finished building: microblaze_stream_test.elf.size'
' '
16:07:08 **** Incremental Build of configuration Debug for project microblaze_stream_test ****
make all 
make: Nothing to be done for 'all'.
16:17:53 **** Auto Build of configuration Debug for project microblaze_stream_test ****
make all 
make: Nothing to be done for 'all'.
16:18:02 **** Auto Build of configuration Debug for project microblaze_stream_test ****
make all 
'Building file: ../src/drivers/uart.c'
'Invoking: MicroBlaze gcc compiler'
mb-gcc -Wall -O0 -g3 -c -fmessage-length=0 -MT"src/drivers/uart.o" -D __BAREMETAL__ -I../../microblaze_stream_test_bsp/microblaze_0/include -mlittle-endian -mcpu=v11.0 -mxl-soft-mul -Wl,--no-relax -ffunction-sections -fdata-sections -MMD -MP -MF"src/drivers/uart.d" -MT"src/drivers/uart.o" -o "src/drivers/uart.o" "../src/drivers/uart.c"
'Finished building: ../src/drivers/uart.c'
' '
'Building target: microblaze_stream_test.elf'
'Invoking: MicroBlaze gcc linker'
mb-gcc -Wl,-T -Wl,../src/lscript.ld -L../../microblaze_stream_test_bsp/microblaze_0/lib -mlittle-endian -mcpu=v11.0 -mxl-soft-mul -Wl,--no-relax -Wl,--gc-sections -o "microblaze_stream_test.elf"  ./src/drivers/uart.o  ./src/helloworld.o ./src/platform.o   -Wl,--start-group,-lxil,-lgcc,-lc,--end-group -Wl,--start-group,-lxil,-lmetal,-lgcc,-lc,--end-group
'Finished building target: microblaze_stream_test.elf'
' '
'Invoking: MicroBlaze Print Size'
mb-size microblaze_stream_test.elf  |tee "microblaze_stream_test.elf.size"
   text	   data	    bss	    dec	    hex	filename
  74250	   3376	   9958	  87584	  15620	microblaze_stream_test.elf
'Finished building: microblaze_stream_test.elf.size'
' '
16:18:15 **** Auto Build of configuration Debug for project microblaze_stream_test ****
make all 
make: Nothing to be done for 'all'.
16:20:08 **** Auto Build of configuration Debug for project microblaze_stream_test ****
make all 
'Building file: ../src/drivers/uart.c'
'Invoking: MicroBlaze gcc compiler'
mb-gcc -Wall -O0 -g3 -c -fmessage-length=0 -MT"src/drivers/uart.o" -D __BAREMETAL__ -I../../microblaze_stream_test_bsp/microblaze_0/include -mlittle-endian -mcpu=v11.0 -mxl-soft-mul -Wl,--no-relax -ffunction-sections -fdata-sections -MMD -MP -MF"src/drivers/uart.d" -MT"src/drivers/uart.o" -o "src/drivers/uart.o" "../src/drivers/uart.c"
../src/drivers/uart.c: In function 'debug_print':
../src/drivers/uart.c:12:2: warning: implicit declaration of function 'print' [-Wimplicit-function-declaration]
  print(buff);
  ^~~~~
../src/drivers/uart.c: At top level:
../src/drivers/uart.c:17:19: error: unknown type name 'u16'
 int init_uartlite(u16 DeviceId)
                   ^~~
make: *** [src/drivers/subdir.mk:20: src/drivers/uart.o] Error 1
16:20:11 **** Auto Build of configuration Debug for project microblaze_stream_test ****
make all 
'Building file: ../src/drivers/uart.c'
'Invoking: MicroBlaze gcc compiler'
mb-gcc -Wall -O0 -g3 -c -fmessage-length=0 -MT"src/drivers/uart.o" -D __BAREMETAL__ -I../../microblaze_stream_test_bsp/microblaze_0/include -mlittle-endian -mcpu=v11.0 -mxl-soft-mul -Wl,--no-relax -ffunction-sections -fdata-sections -MMD -MP -MF"src/drivers/uart.d" -MT"src/drivers/uart.o" -o "src/drivers/uart.o" "../src/drivers/uart.c"
../src/drivers/uart.c: In function 'debug_print':
../src/drivers/uart.c:12:2: warning: implicit declaration of function 'print' [-Wimplicit-function-declaration]
  print(buff);
  ^~~~~
'Finished building: ../src/drivers/uart.c'
' '
'Building target: microblaze_stream_test.elf'
'Invoking: MicroBlaze gcc linker'
mb-gcc -Wl,-T -Wl,../src/lscript.ld -L../../microblaze_stream_test_bsp/microblaze_0/lib -mlittle-endian -mcpu=v11.0 -mxl-soft-mul -Wl,--no-relax -Wl,--gc-sections -o "microblaze_stream_test.elf"  ./src/drivers/uart.o  ./src/helloworld.o ./src/platform.o   -Wl,--start-group,-lxil,-lgcc,-lc,--end-group -Wl,--start-group,-lxil,-lmetal,-lgcc,-lc,--end-group
c:/xilinx/sdk/2019.1/gnu/microblaze/nt/bin/../lib/gcc/microblaze-xilinx-elf/8.2.0/../../../../microblaze-xilinx-elf/bin/ld.exe: ./src/helloworld.o: in function `init_uartlite':
C:\james\fpga_projects\microblaze_stream_test\microblaze_stream_test.sdk\microblaze_stream_test\Debug/../src/helloworld.c:269: multiple definition of `init_uartlite'; ./src/drivers/uart.o:C:\james\fpga_projects\microblaze_stream_test\microblaze_stream_test.sdk\microblaze_stream_test\Debug/../src/drivers/uart.c:18: first defined here
c:/xilinx/sdk/2019.1/gnu/microblaze/nt/bin/../lib/gcc/microblaze-xilinx-elf/8.2.0/../../../../microblaze-xilinx-elf/bin/ld.exe: ./src/helloworld.o: in function `debug_print':
C:\james\fpga_projects\microblaze_stream_test\microblaze_stream_test.sdk\microblaze_stream_test\Debug/../src/helloworld.c:262: multiple definition of `debug_print'; ./src/drivers/uart.o:C:\james\fpga_projects\microblaze_stream_test\microblaze_stream_test.sdk\microblaze_stream_test\Debug/../src/drivers/uart.c:11: first defined here
collect2.exe: error: ld returned 1 exit status
make: *** [makefile:39: microblaze_stream_test.elf] Error 1
16:20:14 **** Auto Build of configuration Debug for project microblaze_stream_test ****
make all 
'Building file: ../src/helloworld.c'
'Invoking: MicroBlaze gcc compiler'
mb-gcc -Wall -O0 -g3 -c -fmessage-length=0 -MT"src/helloworld.o" -D __BAREMETAL__ -I../../microblaze_stream_test_bsp/microblaze_0/include -mlittle-endian -mcpu=v11.0 -mxl-soft-mul -Wl,--no-relax -ffunction-sections -fdata-sections -MMD -MP -MF"src/helloworld.d" -MT"src/helloworld.o" -o "src/helloworld.o" "../src/helloworld.c"
../src/helloworld.c: In function 'rf_wave_test':
../src/helloworld.c:209:6: warning: variable 'test_train' set but not used [-Wunused-but-set-variable]
  u16 test_train[256];
      ^~~~~~~~~~
'Finished building: ../src/helloworld.c'
' '
'Building target: microblaze_stream_test.elf'
'Invoking: MicroBlaze gcc linker'
mb-gcc -Wl,-T -Wl,../src/lscript.ld -L../../microblaze_stream_test_bsp/microblaze_0/lib -mlittle-endian -mcpu=v11.0 -mxl-soft-mul -Wl,--no-relax -Wl,--gc-sections -o "microblaze_stream_test.elf"  ./src/drivers/uart.o  ./src/helloworld.o ./src/platform.o   -Wl,--start-group,-lxil,-lgcc,-lc,--end-group -Wl,--start-group,-lxil,-lmetal,-lgcc,-lc,--end-group
'Finished building target: microblaze_stream_test.elf'
' '
'Invoking: MicroBlaze Print Size'
mb-size microblaze_stream_test.elf  |tee "microblaze_stream_test.elf.size"
   text	   data	    bss	    dec	    hex	filename
  74250	   3376	   9958	  87584	  15620	microblaze_stream_test.elf
'Finished building: microblaze_stream_test.elf.size'
' '
16:21:19 **** Auto Build of configuration Debug for project microblaze_stream_test ****
make all 
'Building file: ../src/drivers/uart.c'
'Invoking: MicroBlaze gcc compiler'
mb-gcc -Wall -O0 -g3 -c -fmessage-length=0 -MT"src/drivers/uart.o" -D __BAREMETAL__ -I../../microblaze_stream_test_bsp/microblaze_0/include -mlittle-endian -mcpu=v11.0 -mxl-soft-mul -Wl,--no-relax -ffunction-sections -fdata-sections -MMD -MP -MF"src/drivers/uart.d" -MT"src/drivers/uart.o" -o "src/drivers/uart.o" "../src/drivers/uart.c"
../src/drivers/uart.c: In function 'debug_print':
../src/drivers/uart.c:12:2: warning: implicit declaration of function 'print' [-Wimplicit-function-declaration]
  print(buff);
  ^~~~~
../src/drivers/uart.c: In function 'uart_init':
../src/drivers/uart.c:19:17: error: 'UARTLITE_DEVICE_ID' undeclared (first use in this function)
  u16 DeviceId = UARTLITE_DEVICE_ID;
                 ^~~~~~~~~~~~~~~~~~
../src/drivers/uart.c:19:17: note: each undeclared identifier is reported only once for each function it appears in
make: *** [src/drivers/subdir.mk:20: src/drivers/uart.o] Error 1
16:21:21 **** Auto Build of configuration Debug for project microblaze_stream_test ****
make all 
'Building file: ../src/drivers/uart.c'
'Invoking: MicroBlaze gcc compiler'
mb-gcc -Wall -O0 -g3 -c -fmessage-length=0 -MT"src/drivers/uart.o" -D __BAREMETAL__ -I../../microblaze_stream_test_bsp/microblaze_0/include -mlittle-endian -mcpu=v11.0 -mxl-soft-mul -Wl,--no-relax -ffunction-sections -fdata-sections -MMD -MP -MF"src/drivers/uart.d" -MT"src/drivers/uart.o" -o "src/drivers/uart.o" "../src/drivers/uart.c"
../src/drivers/uart.c: In function 'debug_print':
../src/drivers/uart.c:12:2: warning: implicit declaration of function 'print' [-Wimplicit-function-declaration]
  print(buff);
  ^~~~~
../src/drivers/uart.c: In function 'uart_init':
../src/drivers/uart.c:18:1: error: number of arguments doesn't match prototype
 {
 ^
In file included from ../src/drivers/uart.c:8:
../src/drivers/uart.h:21:5: error: prototype declaration
 int uart_init(u16 DeviceId);
     ^~~~~~~~~
../src/drivers/uart.h:15:28: error: 'XPAR_UARTLITE_0_DEVICE_ID' undeclared (first use in this function); did you mean 'UARTLITE_DEVICE_ID'?
 #define UARTLITE_DEVICE_ID XPAR_UARTLITE_0_DEVICE_ID
                            ^~~~~~~~~~~~~~~~~~~~~~~~~
../src/drivers/uart.c:19:17: note: in expansion of macro 'UARTLITE_DEVICE_ID'
  u16 DeviceId = UARTLITE_DEVICE_ID;
                 ^~~~~~~~~~~~~~~~~~
../src/drivers/uart.h:15:28: note: each undeclared identifier is reported only once for each function it appears in
 #define UARTLITE_DEVICE_ID XPAR_UARTLITE_0_DEVICE_ID
                            ^~~~~~~~~~~~~~~~~~~~~~~~~
../src/drivers/uart.c:19:17: note: in expansion of macro 'UARTLITE_DEVICE_ID'
  u16 DeviceId = UARTLITE_DEVICE_ID;
                 ^~~~~~~~~~~~~~~~~~
make: *** [src/drivers/subdir.mk:20: src/drivers/uart.o] Error 1
16:21:23 **** Auto Build of configuration Debug for project microblaze_stream_test ****
make all 
'Building file: ../src/drivers/uart.c'
'Invoking: MicroBlaze gcc compiler'
mb-gcc -Wall -O0 -g3 -c -fmessage-length=0 -MT"src/drivers/uart.o" -D __BAREMETAL__ -I../../microblaze_stream_test_bsp/microblaze_0/include -mlittle-endian -mcpu=v11.0 -mxl-soft-mul -Wl,--no-relax -ffunction-sections -fdata-sections -MMD -MP -MF"src/drivers/uart.d" -MT"src/drivers/uart.o" -o "src/drivers/uart.o" "../src/drivers/uart.c"
../src/drivers/uart.c: In function 'debug_print':
../src/drivers/uart.c:12:2: warning: implicit declaration of function 'print' [-Wimplicit-function-declaration]
  print(buff);
  ^~~~~
../src/drivers/uart.c: In function 'uart_init':
../src/drivers/uart.c:18:1: error: number of arguments doesn't match prototype
 {
 ^
In file included from ../src/drivers/uart.c:8:
../src/drivers/uart.h:21:5: error: prototype declaration
 int uart_init(u16 DeviceId);
     ^~~~~~~~~
../src/drivers/uart.h:15:28: error: 'XPAR_UARTLITE_0_DEVICE_ID' undeclared (first use in this function); did you mean 'UARTLITE_DEVICE_ID'?
 #define UARTLITE_DEVICE_ID XPAR_UARTLITE_0_DEVICE_ID
                            ^~~~~~~~~~~~~~~~~~~~~~~~~
../src/drivers/uart.c:19:17: note: in expansion of macro 'UARTLITE_DEVICE_ID'
  u16 DeviceId = UARTLITE_DEVICE_ID;
                 ^~~~~~~~~~~~~~~~~~
../src/drivers/uart.h:15:28: note: each undeclared identifier is reported only once for each function it appears in
 #define UARTLITE_DEVICE_ID XPAR_UARTLITE_0_DEVICE_ID
                            ^~~~~~~~~~~~~~~~~~~~~~~~~
../src/drivers/uart.c:19:17: note: in expansion of macro 'UARTLITE_DEVICE_ID'
  u16 DeviceId = UARTLITE_DEVICE_ID;
                 ^~~~~~~~~~~~~~~~~~
make: *** [src/drivers/subdir.mk:20: src/drivers/uart.o] Error 1
16:21:52 **** Auto Build of configuration Debug for project microblaze_stream_test ****
make all 
'Building file: ../src/drivers/uart.c'
'Invoking: MicroBlaze gcc compiler'
mb-gcc -Wall -O0 -g3 -c -fmessage-length=0 -MT"src/drivers/uart.o" -D __BAREMETAL__ -I../../microblaze_stream_test_bsp/microblaze_0/include -mlittle-endian -mcpu=v11.0 -mxl-soft-mul -Wl,--no-relax -ffunction-sections -fdata-sections -MMD -MP -MF"src/drivers/uart.d" -MT"src/drivers/uart.o" -o "src/drivers/uart.o" "../src/drivers/uart.c"
In file included from ../src/drivers/uart.c:8:
../src/drivers/uart.h:14:10: fatal error: platform.h: No such file or directory
 #include "platform.h"
          ^~~~~~~~~~~~
compilation terminated.
make: *** [src/drivers/subdir.mk:20: src/drivers/uart.o] Error 1
16:21:59 **** Auto Build of configuration Debug for project microblaze_stream_test ****
make all 
'Building file: ../src/drivers/uart.c'
'Invoking: MicroBlaze gcc compiler'
mb-gcc -Wall -O0 -g3 -c -fmessage-length=0 -MT"src/drivers/uart.o" -D __BAREMETAL__ -I../../microblaze_stream_test_bsp/microblaze_0/include -mlittle-endian -mcpu=v11.0 -mxl-soft-mul -Wl,--no-relax -ffunction-sections -fdata-sections -MMD -MP -MF"src/drivers/uart.d" -MT"src/drivers/uart.o" -o "src/drivers/uart.o" "../src/drivers/uart.c"
../src/drivers/uart.c: In function 'debug_print':
../src/drivers/uart.c:12:2: warning: implicit declaration of function 'print' [-Wimplicit-function-declaration]
  print(buff);
  ^~~~~
../src/drivers/uart.c: In function 'uart_init':
../src/drivers/uart.c:18:1: error: number of arguments doesn't match prototype
 {
 ^
In file included from ../src/drivers/uart.c:8:
../src/drivers/uart.h:22:5: error: prototype declaration
 int uart_init(u16 DeviceId);
     ^~~~~~~~~
../src/drivers/uart.h:16:28: error: 'XPAR_UARTLITE_0_DEVICE_ID' undeclared (first use in this function); did you mean 'UARTLITE_DEVICE_ID'?
 #define UARTLITE_DEVICE_ID XPAR_UARTLITE_0_DEVICE_ID
                            ^~~~~~~~~~~~~~~~~~~~~~~~~
../src/drivers/uart.c:19:17: note: in expansion of macro 'UARTLITE_DEVICE_ID'
  u16 DeviceId = UARTLITE_DEVICE_ID;
                 ^~~~~~~~~~~~~~~~~~
../src/drivers/uart.h:16:28: note: each undeclared identifier is reported only once for each function it appears in
 #define UARTLITE_DEVICE_ID XPAR_UARTLITE_0_DEVICE_ID
                            ^~~~~~~~~~~~~~~~~~~~~~~~~
../src/drivers/uart.c:19:17: note: in expansion of macro 'UARTLITE_DEVICE_ID'
  u16 DeviceId = UARTLITE_DEVICE_ID;
                 ^~~~~~~~~~~~~~~~~~
make: *** [src/drivers/subdir.mk:20: src/drivers/uart.o] Error 1
16:22:09 **** Auto Build of configuration Debug for project microblaze_stream_test ****
make all 
'Building file: ../src/drivers/uart.c'
'Invoking: MicroBlaze gcc compiler'
mb-gcc -Wall -O0 -g3 -c -fmessage-length=0 -MT"src/drivers/uart.o" -D __BAREMETAL__ -I../../microblaze_stream_test_bsp/microblaze_0/include -mlittle-endian -mcpu=v11.0 -mxl-soft-mul -Wl,--no-relax -ffunction-sections -fdata-sections -MMD -MP -MF"src/drivers/uart.d" -MT"src/drivers/uart.o" -o "src/drivers/uart.o" "../src/drivers/uart.c"
../src/drivers/uart.c: In function 'debug_print':
../src/drivers/uart.c:12:2: warning: implicit declaration of function 'print' [-Wimplicit-function-declaration]
  print(buff);
  ^~~~~
In file included from ../src/drivers/uart.c:8:
../src/drivers/uart.c: In function 'uart_init':
../src/drivers/uart.h:16:28: error: 'XPAR_UARTLITE_0_DEVICE_ID' undeclared (first use in this function); did you mean 'UARTLITE_DEVICE_ID'?
 #define UARTLITE_DEVICE_ID XPAR_UARTLITE_0_DEVICE_ID
                            ^~~~~~~~~~~~~~~~~~~~~~~~~
../src/drivers/uart.c:19:17: note: in expansion of macro 'UARTLITE_DEVICE_ID'
  u16 DeviceId = UARTLITE_DEVICE_ID;
                 ^~~~~~~~~~~~~~~~~~
../src/drivers/uart.h:16:28: note: each undeclared identifier is reported only once for each function it appears in
 #define UARTLITE_DEVICE_ID XPAR_UARTLITE_0_DEVICE_ID
                            ^~~~~~~~~~~~~~~~~~~~~~~~~
../src/drivers/uart.c:19:17: note: in expansion of macro 'UARTLITE_DEVICE_ID'
  u16 DeviceId = UARTLITE_DEVICE_ID;
                 ^~~~~~~~~~~~~~~~~~
make: *** [src/drivers/subdir.mk:20: src/drivers/uart.o] Error 1
16:22:40 **** Auto Build of configuration Debug for project microblaze_stream_test ****
make all 
'Building file: ../src/drivers/uart.c'
'Invoking: MicroBlaze gcc compiler'
mb-gcc -Wall -O0 -g3 -c -fmessage-length=0 -MT"src/drivers/uart.o" -D __BAREMETAL__ -I../../microblaze_stream_test_bsp/microblaze_0/include -mlittle-endian -mcpu=v11.0 -mxl-soft-mul -Wl,--no-relax -ffunction-sections -fdata-sections -MMD -MP -MF"src/drivers/uart.d" -MT"src/drivers/uart.o" -o "src/drivers/uart.o" "../src/drivers/uart.c"
../src/drivers/uart.c: In function 'debug_print':
../src/drivers/uart.c:12:2: warning: implicit declaration of function 'print' [-Wimplicit-function-declaration]
  print(buff);
  ^~~~~
'Finished building: ../src/drivers/uart.c'
' '
'Building file: ../src/helloworld.c'
'Invoking: MicroBlaze gcc compiler'
mb-gcc -Wall -O0 -g3 -c -fmessage-length=0 -MT"src/helloworld.o" -D __BAREMETAL__ -I../../microblaze_stream_test_bsp/microblaze_0/include -mlittle-endian -mcpu=v11.0 -mxl-soft-mul -Wl,--no-relax -ffunction-sections -fdata-sections -MMD -MP -MF"src/helloworld.d" -MT"src/helloworld.o" -o "src/helloworld.o" "../src/helloworld.c"
../src/helloworld.c: In function 'rf_wave_test':
../src/helloworld.c:209:6: warning: variable 'test_train' set but not used [-Wunused-but-set-variable]
  u16 test_train[256];
      ^~~~~~~~~~
'Finished building: ../src/helloworld.c'
' '
'Building target: microblaze_stream_test.elf'
'Invoking: MicroBlaze gcc linker'
mb-gcc -Wl,-T -Wl,../src/lscript.ld -L../../microblaze_stream_test_bsp/microblaze_0/lib -mlittle-endian -mcpu=v11.0 -mxl-soft-mul -Wl,--no-relax -Wl,--gc-sections -o "microblaze_stream_test.elf"  ./src/drivers/uart.o  ./src/helloworld.o ./src/platform.o   -Wl,--start-group,-lxil,-lgcc,-lc,--end-group -Wl,--start-group,-lxil,-lmetal,-lgcc,-lc,--end-group
'Finished building target: microblaze_stream_test.elf'
' '
'Invoking: MicroBlaze Print Size'
mb-size microblaze_stream_test.elf  |tee "microblaze_stream_test.elf.size"
   text	   data	    bss	    dec	    hex	filename
  74242	   3376	   9958	  87576	  15618	microblaze_stream_test.elf
'Finished building: microblaze_stream_test.elf.size'
' '
16:32:32 **** Auto Build of configuration Debug for project microblaze_stream_test ****
make all 
'Building file: ../src/drivers/uart.c'
'Invoking: MicroBlaze gcc compiler'
mb-gcc -Wall -O0 -g3 -c -fmessage-length=0 -MT"src/drivers/uart.o" -D __BAREMETAL__ -I../../microblaze_stream_test_bsp/microblaze_0/include -mlittle-endian -mcpu=v11.0 -mxl-soft-mul -Wl,--no-relax -ffunction-sections -fdata-sections -MMD -MP -MF"src/drivers/uart.d" -MT"src/drivers/uart.o" -o "src/drivers/uart.o" "../src/drivers/uart.c"
../src/drivers/uart.c: In function 'debug_print':
../src/drivers/uart.c:12:2: warning: implicit declaration of function 'print' [-Wimplicit-function-declaration]
  print(buff);
  ^~~~~
'Finished building: ../src/drivers/uart.c'
' '
'Building target: microblaze_stream_test.elf'
'Invoking: MicroBlaze gcc linker'
mb-gcc -Wl,-T -Wl,../src/lscript.ld -L../../microblaze_stream_test_bsp/microblaze_0/lib -mlittle-endian -mcpu=v11.0 -mxl-soft-mul -Wl,--no-relax -Wl,--gc-sections -o "microblaze_stream_test.elf"  ./src/drivers/uart.o  ./src/helloworld.o ./src/platform.o   -Wl,--start-group,-lxil,-lgcc,-lc,--end-group -Wl,--start-group,-lxil,-lmetal,-lgcc,-lc,--end-group
'Finished building target: microblaze_stream_test.elf'
' '
'Invoking: MicroBlaze Print Size'
mb-size microblaze_stream_test.elf  |tee "microblaze_stream_test.elf.size"
   text	   data	    bss	    dec	    hex	filename
  74242	   3376	   9958	  87576	  15618	microblaze_stream_test.elf
'Finished building: microblaze_stream_test.elf.size'
' '
16:32:35 **** Auto Build of configuration Debug for project microblaze_stream_test ****
make all 
'Building file: ../src/drivers/uart.c'
'Invoking: MicroBlaze gcc compiler'
mb-gcc -Wall -O0 -g3 -c -fmessage-length=0 -MT"src/drivers/uart.o" -D __BAREMETAL__ -I../../microblaze_stream_test_bsp/microblaze_0/include -mlittle-endian -mcpu=v11.0 -mxl-soft-mul -Wl,--no-relax -ffunction-sections -fdata-sections -MMD -MP -MF"src/drivers/uart.d" -MT"src/drivers/uart.o" -o "src/drivers/uart.o" "../src/drivers/uart.c"
../src/drivers/uart.c: In function 'debug_print':
../src/drivers/uart.c:12:2: warning: implicit declaration of function 'print' [-Wimplicit-function-declaration]
  print(buff);
  ^~~~~
'Finished building: ../src/drivers/uart.c'
' '
'Building file: ../src/helloworld.c'
'Invoking: MicroBlaze gcc compiler'
mb-gcc -Wall -O0 -g3 -c -fmessage-length=0 -MT"src/helloworld.o" -D __BAREMETAL__ -I../../microblaze_stream_test_bsp/microblaze_0/include -mlittle-endian -mcpu=v11.0 -mxl-soft-mul -Wl,--no-relax -ffunction-sections -fdata-sections -MMD -MP -MF"src/helloworld.d" -MT"src/helloworld.o" -o "src/helloworld.o" "../src/helloworld.c"
../src/helloworld.c: In function 'rf_wave_test':
../src/helloworld.c:209:6: warning: variable 'test_train' set but not used [-Wunused-but-set-variable]
  u16 test_train[256];
      ^~~~~~~~~~
'Finished building: ../src/helloworld.c'
' '
'Building target: microblaze_stream_test.elf'
'Invoking: MicroBlaze gcc linker'
mb-gcc -Wl,-T -Wl,../src/lscript.ld -L../../microblaze_stream_test_bsp/microblaze_0/lib -mlittle-endian -mcpu=v11.0 -mxl-soft-mul -Wl,--no-relax -Wl,--gc-sections -o "microblaze_stream_test.elf"  ./src/drivers/uart.o  ./src/helloworld.o ./src/platform.o   -Wl,--start-group,-lxil,-lgcc,-lc,--end-group -Wl,--start-group,-lxil,-lmetal,-lgcc,-lc,--end-group
'Finished building target: microblaze_stream_test.elf'
' '
'Invoking: MicroBlaze Print Size'
mb-size microblaze_stream_test.elf  |tee "microblaze_stream_test.elf.size"
   text	   data	    bss	    dec	    hex	filename
  74242	   3376	   9958	  87576	  15618	microblaze_stream_test.elf
'Finished building: microblaze_stream_test.elf.size'
' '
16:34:00 **** Auto Build of configuration Debug for project microblaze_stream_test ****
make all 
'Building file: ../src/helloworld.c'
'Invoking: MicroBlaze gcc compiler'
mb-gcc -Wall -O0 -g3 -c -fmessage-length=0 -MT"src/helloworld.o" -D __BAREMETAL__ -I../../microblaze_stream_test_bsp/microblaze_0/include -mlittle-endian -mcpu=v11.0 -mxl-soft-mul -Wl,--no-relax -ffunction-sections -fdata-sections -MMD -MP -MF"src/helloworld.d" -MT"src/helloworld.o" -o "src/helloworld.o" "../src/helloworld.c"
../src/helloworld.c: In function 'main':
../src/helloworld.c:191:41: error: 'rec_char' undeclared (first use in this function); did you mean 'rec_chars'?
   xil_printf("Got %c %c %c %c %c!\n\r", rec_char[0], rec_char[1], rec_char[2], rec_char[3], rec_char[4]);
                                         ^~~~~~~~
                                         rec_chars
../src/helloworld.c:191:41: note: each undeclared identifier is reported only once for each function it appears in
../src/helloworld.c: In function 'rf_wave_test':
../src/helloworld.c:209:6: warning: variable 'test_train' set but not used [-Wunused-but-set-variable]
  u16 test_train[256];
      ^~~~~~~~~~
make: *** [src/subdir.mk:26: src/helloworld.o] Error 1
16:34:17 **** Auto Build of configuration Debug for project microblaze_stream_test ****
make all 
'Building file: ../src/helloworld.c'
'Invoking: MicroBlaze gcc compiler'
mb-gcc -Wall -O0 -g3 -c -fmessage-length=0 -MT"src/helloworld.o" -D __BAREMETAL__ -I../../microblaze_stream_test_bsp/microblaze_0/include -mlittle-endian -mcpu=v11.0 -mxl-soft-mul -Wl,--no-relax -ffunction-sections -fdata-sections -MMD -MP -MF"src/helloworld.d" -MT"src/helloworld.o" -o "src/helloworld.o" "../src/helloworld.c"
../src/helloworld.c: In function 'rf_wave_test':
../src/helloworld.c:209:6: warning: variable 'test_train' set but not used [-Wunused-but-set-variable]
  u16 test_train[256];
      ^~~~~~~~~~
'Finished building: ../src/helloworld.c'
' '
'Building target: microblaze_stream_test.elf'
'Invoking: MicroBlaze gcc linker'
mb-gcc -Wl,-T -Wl,../src/lscript.ld -L../../microblaze_stream_test_bsp/microblaze_0/lib -mlittle-endian -mcpu=v11.0 -mxl-soft-mul -Wl,--no-relax -Wl,--gc-sections -o "microblaze_stream_test.elf"  ./src/drivers/uart.o  ./src/helloworld.o ./src/platform.o   -Wl,--start-group,-lxil,-lgcc,-lc,--end-group -Wl,--start-group,-lxil,-lmetal,-lgcc,-lc,--end-group
'Finished building target: microblaze_stream_test.elf'
' '
'Invoking: MicroBlaze Print Size'
mb-size microblaze_stream_test.elf  |tee "microblaze_stream_test.elf.size"
   text	   data	    bss	    dec	    hex	filename
  74458	   3376	   9958	  87792	  156f0	microblaze_stream_test.elf
'Finished building: microblaze_stream_test.elf.size'
' '
16:34:34 **** Incremental Build of configuration Debug for project microblaze_stream_test ****
make all 
make: Nothing to be done for 'all'.
16:35:15 **** Incremental Build of configuration Debug for project microblaze_stream_test ****
make all 
make: Nothing to be done for 'all'.
16:39:40 **** Auto Build of configuration Debug for project microblaze_stream_test ****
make all 
'Building file: ../src/drivers/uart.c'
'Invoking: MicroBlaze gcc compiler'
mb-gcc -Wall -O0 -g3 -c -fmessage-length=0 -MT"src/drivers/uart.o" -D __BAREMETAL__ -I../../microblaze_stream_test_bsp/microblaze_0/include -mlittle-endian -mcpu=v11.0 -mxl-soft-mul -Wl,--no-relax -ffunction-sections -fdata-sections -MMD -MP -MF"src/drivers/uart.d" -MT"src/drivers/uart.o" -o "src/drivers/uart.o" "../src/drivers/uart.c"
../src/drivers/uart.c: In function 'debug_print':
../src/drivers/uart.c:12:2: warning: implicit declaration of function 'print' [-Wimplicit-function-declaration]
  print(buff);
  ^~~~~
'Finished building: ../src/drivers/uart.c'
' '
'Building target: microblaze_stream_test.elf'
'Invoking: MicroBlaze gcc linker'
mb-gcc -Wl,-T -Wl,../src/lscript.ld -L../../microblaze_stream_test_bsp/microblaze_0/lib -mlittle-endian -mcpu=v11.0 -mxl-soft-mul -Wl,--no-relax -Wl,--gc-sections -o "microblaze_stream_test.elf"  ./src/drivers/uart.o  ./src/helloworld.o ./src/platform.o   -Wl,--start-group,-lxil,-lgcc,-lc,--end-group -Wl,--start-group,-lxil,-lmetal,-lgcc,-lc,--end-group
'Finished building target: microblaze_stream_test.elf'
' '
'Invoking: MicroBlaze Print Size'
mb-size microblaze_stream_test.elf  |tee "microblaze_stream_test.elf.size"
   text	   data	    bss	    dec	    hex	filename
  74498	   3376	   9958	  87832	  15718	microblaze_stream_test.elf
'Finished building: microblaze_stream_test.elf.size'
' '
16:39:49 **** Incremental Build of configuration Debug for project microblaze_stream_test ****
make all 
make: Nothing to be done for 'all'.
16:46:36 **** Auto Build of configuration Debug for project microblaze_stream_test ****
make all 
'Building file: ../src/drivers/rf.c'
'Invoking: MicroBlaze gcc compiler'
mb-gcc -Wall -O0 -g3 -c -fmessage-length=0 -MT"src/drivers/rf.o" -D __BAREMETAL__ -I../../microblaze_stream_test_bsp/microblaze_0/include -mlittle-endian -mcpu=v11.0 -mxl-soft-mul -Wl,--no-relax -ffunction-sections -fdata-sections -MMD -MP -MF"src/drivers/rf.d" -MT"src/drivers/rf.o" -o "src/drivers/rf.o" "../src/drivers/rf.c"
'Finished building: ../src/drivers/rf.c'
' '
'Building target: microblaze_stream_test.elf'
'Invoking: MicroBlaze gcc linker'
mb-gcc -Wl,-T -Wl,../src/lscript.ld -L../../microblaze_stream_test_bsp/microblaze_0/lib -mlittle-endian -mcpu=v11.0 -mxl-soft-mul -Wl,--no-relax -Wl,--gc-sections -o "microblaze_stream_test.elf"  ./src/drivers/rf.o ./src/drivers/uart.o  ./src/helloworld.o ./src/platform.o   -Wl,--start-group,-lxil,-lgcc,-lc,--end-group -Wl,--start-group,-lxil,-lmetal,-lgcc,-lc,--end-group
'Finished building target: microblaze_stream_test.elf'
' '
'Invoking: MicroBlaze Print Size'
mb-size microblaze_stream_test.elf  |tee "microblaze_stream_test.elf.size"
   text	   data	    bss	    dec	    hex	filename
  74498	   3376	   9958	  87832	  15718	microblaze_stream_test.elf
'Finished building: microblaze_stream_test.elf.size'
' '
16:46:43 **** Auto Build of configuration Debug for project microblaze_stream_test ****
make all 
make: Nothing to be done for 'all'.
16:46:50 **** Clean-only build of configuration Debug for project microblaze_stream_test ****
make clean 
rm -rf  ./src/drivers/rf.o ./src/drivers/uart.o  ./src/helloworld.o ./src/platform.o  ./src/drivers/rf.d ./src/drivers/uart.d  ./src/helloworld.d ./src/platform.d  microblaze_stream_test.elf.size  microblaze_stream_test.elf
' '
16:46:50 **** Auto Build of configuration Debug for project microblaze_stream_test ****
make all 
'Building file: ../src/drivers/rf.c'
'Invoking: MicroBlaze gcc compiler'
mb-gcc -Wall -O0 -g3 -c -fmessage-length=0 -MT"src/drivers/rf.o" -D __BAREMETAL__ -I../../microblaze_stream_test_bsp/microblaze_0/include -mlittle-endian -mcpu=v11.0 -mxl-soft-mul -Wl,--no-relax -ffunction-sections -fdata-sections -MMD -MP -MF"src/drivers/rf.d" -MT"src/drivers/rf.o" -o "src/drivers/rf.o" "../src/drivers/rf.c"
'Finished building: ../src/drivers/rf.c'
' '
'Building file: ../src/drivers/uart.c'
'Invoking: MicroBlaze gcc compiler'
mb-gcc -Wall -O0 -g3 -c -fmessage-length=0 -MT"src/drivers/uart.o" -D __BAREMETAL__ -I../../microblaze_stream_test_bsp/microblaze_0/include -mlittle-endian -mcpu=v11.0 -mxl-soft-mul -Wl,--no-relax -ffunction-sections -fdata-sections -MMD -MP -MF"src/drivers/uart.d" -MT"src/drivers/uart.o" -o "src/drivers/uart.o" "../src/drivers/uart.c"
../src/drivers/uart.c: In function 'debug_print':
../src/drivers/uart.c:12:2: warning: implicit declaration of function 'print' [-Wimplicit-function-declaration]
  print(buff);
  ^~~~~
'Finished building: ../src/drivers/uart.c'
' '
'Building file: ../src/helloworld.c'
'Invoking: MicroBlaze gcc compiler'
mb-gcc -Wall -O0 -g3 -c -fmessage-length=0 -MT"src/helloworld.o" -D __BAREMETAL__ -I../../microblaze_stream_test_bsp/microblaze_0/include -mlittle-endian -mcpu=v11.0 -mxl-soft-mul -Wl,--no-relax -ffunction-sections -fdata-sections -MMD -MP -MF"src/helloworld.d" -MT"src/helloworld.o" -o "src/helloworld.o" "../src/helloworld.c"
../src/helloworld.c: In function 'rf_wave_test':
../src/helloworld.c:209:6: warning: variable 'test_train' set but not used [-Wunused-but-set-variable]
  u16 test_train[256];
      ^~~~~~~~~~
'Finished building: ../src/helloworld.c'
' '
'Building file: ../src/platform.c'
'Invoking: MicroBlaze gcc compiler'
mb-gcc -Wall -O0 -g3 -c -fmessage-length=0 -MT"src/platform.o" -D __BAREMETAL__ -I../../microblaze_stream_test_bsp/microblaze_0/include -mlittle-endian -mcpu=v11.0 -mxl-soft-mul -Wl,--no-relax -ffunction-sections -fdata-sections -MMD -MP -MF"src/platform.d" -MT"src/platform.o" -o "src/platform.o" "../src/platform.c"
'Finished building: ../src/platform.c'
' '
'Building target: microblaze_stream_test.elf'
'Invoking: MicroBlaze gcc linker'
mb-gcc -Wl,-T -Wl,../src/lscript.ld -L../../microblaze_stream_test_bsp/microblaze_0/lib -mlittle-endian -mcpu=v11.0 -mxl-soft-mul -Wl,--no-relax -Wl,--gc-sections -o "microblaze_stream_test.elf"  ./src/drivers/rf.o ./src/drivers/uart.o  ./src/helloworld.o ./src/platform.o   -Wl,--start-group,-lxil,-lgcc,-lc,--end-group -Wl,--start-group,-lxil,-lmetal,-lgcc,-lc,--end-group
'Finished building target: microblaze_stream_test.elf'
' '
'Invoking: MicroBlaze Print Size'
mb-size microblaze_stream_test.elf  |tee "microblaze_stream_test.elf.size"
   text	   data	    bss	    dec	    hex	filename
  74498	   3376	   9958	  87832	  15718	microblaze_stream_test.elf
'Finished building: microblaze_stream_test.elf.size'
' '
16:47:00 **** Auto Build of configuration Debug for project microblaze_stream_test ****
make all 
make: Nothing to be done for 'all'.
16:50:06 **** Auto Build of configuration Debug for project microblaze_stream_test ****
make all 
'Building file: ../src/drivers/rf.c'
'Invoking: MicroBlaze gcc compiler'
mb-gcc -Wall -O0 -g3 -c -fmessage-length=0 -MT"src/drivers/rf.o" -D __BAREMETAL__ -I../../microblaze_stream_test_bsp/microblaze_0/include -mlittle-endian -mcpu=v11.0 -mxl-soft-mul -Wl,--no-relax -ffunction-sections -fdata-sections -MMD -MP -MF"src/drivers/rf.d" -MT"src/drivers/rf.o" -o "src/drivers/rf.o" "../src/drivers/rf.c"
../src/drivers/rf.c: In function 'rf_wave_test':
../src/drivers/rf.c:14:2: error: unknown type name 'u16'
  u16 sine_wave[16] = {0x8000, 0xB0FC, 0xDA82, 0xF642, 0xFFFF, 0xF642, 0xDA82, 0xB0FC, 0x8000, 0x4F04, 0x257E, 0x9BE, 0x0, 0x9BE, 0x257E, 0x4F04};
  ^~~
../src/drivers/rf.c:15:2: error: unknown type name 'u16'
  u16 t_wave[16] = {0x0, 0x2000, 0x4000, 0x6000, 0x8000, 0xA000, 0xC000, 0xE000, 0xC000, 0xA000, 0x8000, 0x6000, 0x4000, 0x2000, 0x0, 0x0};
  ^~~
../src/drivers/rf.c:17:2: error: unknown type name 'u16'
  u16 pulse[16] = {0x0, 0x7FFF, 0xFFFF, 0x7FFF, 0x0, 0x0, 0x0, 0x0, 0x0, 0x0, 0x0, 0x0, 0x0, 0x0, 0x0, 0x0};
  ^~~
../src/drivers/rf.c:18:2: error: unknown type name 'u16'
  u16 zeros [16];
  ^~~
../src/drivers/rf.c:20:2: error: unknown type name 'u16'
  u16 test_train[256];
  ^~~
../src/drivers/rf.c:22:6: error: unknown type name 'u16'
  for(u16 i = 0; i <256; i++)
      ^~~
../src/drivers/rf.c:35:2: warning: implicit declaration of function 'XGpio_DiscreteWrite' [-Wimplicit-function-declaration]
  XGpio_DiscreteWrite(&Gpio, 2, 0x01);
  ^~~~~~~~~~~~~~~~~~~
../src/drivers/rf.c:35:23: error: 'Gpio' undeclared (first use in this function)
  XGpio_DiscreteWrite(&Gpio, 2, 0x01);
                       ^~~~
../src/drivers/rf.c:35:23: note: each undeclared identifier is reported only once for each function it appears in
../src/drivers/rf.c:37:2: warning: implicit declaration of function 'write_sample_stream' [-Wimplicit-function-declaration]
  write_sample_stream(zeros, 16);
  ^~~~~~~~~~~~~~~~~~~
../src/drivers/rf.c:48:2: warning: implicit declaration of function 'usleep' [-Wimplicit-function-declaration]
  usleep(1000000);
  ^~~~~~
../src/drivers/rf.c:20:6: warning: variable 'test_train' set but not used [-Wunused-but-set-variable]
  u16 test_train[256];
      ^~~~~~~~~~
../src/drivers/rf.c: At top level:
../src/drivers/rf.c:52:26: error: unknown type name 'u16'
 void write_sample_stream(u16* samples, u16 length)
                          ^~~
../src/drivers/rf.c:52:40: error: unknown type name 'u16'
 void write_sample_stream(u16* samples, u16 length)
                                        ^~~
../src/drivers/rf.c: In function 'rf_self_test':
../src/drivers/rf.c:97:2: error: unknown type name 'u16'
  u16 RFdcDeviceId = RFDC_DEVICE_ID;
  ^~~
../src/drivers/rf.c:97:21: error: 'RFDC_DEVICE_ID' undeclared (first use in this function)
  u16 RFdcDeviceId = RFDC_DEVICE_ID;
                     ^~~~~~~~~~~~~~
../src/drivers/rf.c:99:2: error: unknown type name 'u16'
  u16 Tile;
  ^~~
../src/drivers/rf.c:100:2: error: unknown type name 'u16'
  u16 Block;
  ^~~
../src/drivers/rf.c:101:2: error: unknown type name 'XRFdc_Config'
  XRFdc_Config *ConfigPtr;
  ^~~~~~~~~~~~
../src/drivers/rf.c:102:2: error: unknown type name 'XRFdc'
  XRFdc *RFdcInstPtr = &RFdcInst;
  ^~~~~
../src/drivers/rf.c:102:24: error: 'RFdcInst' undeclared (first use in this function); did you mean 'RFdcInstPtr'?
  XRFdc *RFdcInstPtr = &RFdcInst;
                        ^~~~~~~~
                        RFdcInstPtr
../src/drivers/rf.c:103:2: error: unknown type name 'u32'
  u32 SetFabricRate;
  ^~~
../src/drivers/rf.c:104:2: error: unknown type name 'u32'
  u32 GetFabricRate;
  ^~~
../src/drivers/rf.c:111:9: error: variable 'init_param' has initializer but incomplete type
  struct metal_init_params init_param = METAL_INIT_DEFAULTS;
         ^~~~~~~~~~~~~~~~~
../src/drivers/rf.c:111:40: error: 'METAL_INIT_DEFAULTS' undeclared (first use in this function)
  struct metal_init_params init_param = METAL_INIT_DEFAULTS;
                                        ^~~~~~~~~~~~~~~~~~~
../src/drivers/rf.c:111:27: error: storage size of 'init_param' isn't known
  struct metal_init_params init_param = METAL_INIT_DEFAULTS;
                           ^~~~~~~~~~
../src/drivers/rf.c:113:6: warning: implicit declaration of function 'metal_init' [-Wimplicit-function-declaration]
  if (metal_init(&init_param)) {
      ^~~~~~~~~~
../src/drivers/rf.c:114:3: warning: implicit declaration of function 'printf' [-Wimplicit-function-declaration]
   printf("ERROR: Failed to run metal initialization\n");
   ^~~~~~
../src/drivers/rf.c:114:3: warning: incompatible implicit declaration of built-in function 'printf'
../src/drivers/rf.c:114:3: note: include '<stdio.h>' or provide a declaration of 'printf'
../src/drivers/rf.c:9:1:
+#include <stdio.h>
 
../src/drivers/rf.c:114:3:
   printf("ERROR: Failed to run metal initialization\n");
   ^~~~~~
../src/drivers/rf.c:115:10: error: 'XRFDC_FAILURE' undeclared (first use in this function)
   return XRFDC_FAILURE;
          ^~~~~~~~~~~~~
../src/drivers/rf.c:119:14: warning: implicit declaration of function 'XRFdc_LookupConfig' [-Wimplicit-function-declaration]
  ConfigPtr = XRFdc_LookupConfig(RFdcDeviceId);
              ^~~~~~~~~~~~~~~~~~
../src/drivers/rf.c:119:12: warning: assignment to 'int *' from 'int' makes pointer from integer without a cast [-Wint-conversion]
  ConfigPtr = XRFdc_LookupConfig(RFdcDeviceId);
            ^
../src/drivers/rf.c:120:19: error: 'NULL' undeclared (first use in this function)
  if (ConfigPtr == NULL) {
                   ^~~~
../src/drivers/rf.c:120:19: note: 'NULL' is defined in header '<stddef.h>'; did you forget to '#include <stddef.h>'?
../src/drivers/rf.c:9:1:
+#include <stddef.h>
 
../src/drivers/rf.c:120:19:
  if (ConfigPtr == NULL) {
                   ^~~~
../src/drivers/rf.c:124:11: warning: implicit declaration of function 'XRFdc_CfgInitialize' [-Wimplicit-function-declaration]
  Status = XRFdc_CfgInitialize(RFdcInstPtr, ConfigPtr);
           ^~~~~~~~~~~~~~~~~~~
../src/drivers/rf.c:125:16: error: 'XRFDC_SUCCESS' undeclared (first use in this function)
  if (Status != XRFDC_SUCCESS) {
                ^~~~~~~~~~~~~
../src/drivers/rf.c:150:7: warning: implicit declaration of function 'XRFdc_IsDACBlockEnabled' [-Wimplicit-function-declaration]
   if (XRFdc_IsDACBlockEnabled(RFdcInstPtr, Tile, Block)) {
       ^~~~~~~~~~~~~~~~~~~~~~~
../src/drivers/rf.c:151:13: warning: implicit declaration of function 'XRFdc_SetFabWrVldWords' [-Wimplicit-function-declaration]
    Status = XRFdc_SetFabWrVldWords(RFdcInstPtr, Tile, Block, SetFabricRate);
             ^~~~~~~~~~~~~~~~~~~~~~
../src/drivers/rf.c:155:13: warning: implicit declaration of function 'XRFdc_GetFabWrVldWords' [-Wimplicit-function-declaration]
    Status = XRFdc_GetFabWrVldWords(RFdcInstPtr, XRFDC_DAC_TILE,
             ^~~~~~~~~~~~~~~~~~~~~~
../src/drivers/rf.c:155:49: error: 'XRFDC_DAC_TILE' undeclared (first use in this function)
    Status = XRFdc_GetFabWrVldWords(RFdcInstPtr, XRFDC_DAC_TILE,
                                                 ^~~~~~~~~~~~~~
../src/drivers/rf.c:160:13: warning: implicit declaration of function 'CompareFabricRate' [-Wimplicit-function-declaration]
    Status = CompareFabricRate(SetFabricRate, GetFabricRate);
             ^~~~~~~~~~~~~~~~~
../src/drivers/rf.c:166:7: warning: implicit declaration of function 'XRFdc_IsADCBlockEnabled' [-Wimplicit-function-declaration]
   if (XRFdc_IsADCBlockEnabled(RFdcInstPtr, Tile, Block)) {
       ^~~~~~~~~~~~~~~~~~~~~~~
../src/drivers/rf.c:167:19: error: request for member 'ADC4GSPS' in something not a structure or union
    if (RFdcInstPtr->ADC4GSPS == XRFDC_ADC_4GSPS) {
                   ^~
../src/drivers/rf.c:167:33: error: 'XRFDC_ADC_4GSPS' undeclared (first use in this function)
    if (RFdcInstPtr->ADC4GSPS == XRFDC_ADC_4GSPS) {
                                 ^~~~~~~~~~~~~~~
../src/drivers/rf.c:175:13: warning: implicit declaration of function 'XRFdc_SetFabRdVldWords' [-Wimplicit-function-declaration]
    Status = XRFdc_SetFabRdVldWords(RFdcInstPtr, Tile, Block, SetFabricRate);
             ^~~~~~~~~~~~~~~~~~~~~~
../src/drivers/rf.c:179:13: warning: implicit declaration of function 'XRFdc_GetFabRdVldWords' [-Wimplicit-function-declaration]
    Status = XRFdc_GetFabRdVldWords(RFdcInstPtr, XRFDC_ADC_TILE,
             ^~~~~~~~~~~~~~~~~~~~~~
../src/drivers/rf.c:179:49: error: 'XRFDC_ADC_TILE' undeclared (first use in this function)
    Status = XRFdc_GetFabRdVldWords(RFdcInstPtr, XRFDC_ADC_TILE,
                                                 ^~~~~~~~~~~~~~
../src/drivers/rf.c:191:11: warning: implicit declaration of function 'XRFdc_Reset' [-Wimplicit-function-declaration]
  Status = XRFdc_Reset(RFdcInstPtr, XRFDC_ADC_TILE, Tile);
           ^~~~~~~~~~~
../src/drivers/rf.c:212:19: error: request for member 'ADC4GSPS' in something not a structure or union
    if (RFdcInstPtr->ADC4GSPS == XRFDC_ADC_4GSPS) {
                   ^~
../src/drivers/rf.c:111:27: warning: unused variable 'init_param' [-Wunused-variable]
  struct metal_init_params init_param = METAL_INIT_DEFAULTS;
                           ^~~~~~~~~~
../src/drivers/rf.c: At top level:
../src/drivers/rf.c:250:30: error: unknown type name 'u32'
 static int CompareFabricRate(u32 SetFabricRate, u32 GetFabricRate)
                              ^~~
../src/drivers/rf.c:250:49: error: unknown type name 'u32'
 static int CompareFabricRate(u32 SetFabricRate, u32 GetFabricRate)
                                                 ^~~
../src/drivers/rf.c: In function 'rf_self_test':
../src/drivers/rf.c:232:1: warning: control reaches end of non-void function [-Wreturn-type]
 }
 ^
make: *** [src/drivers/subdir.mk:23: src/drivers/rf.o] Error 1
16:50:08 **** Auto Build of configuration Debug for project microblaze_stream_test ****
make all 
'Building file: ../src/drivers/rf.c'
'Invoking: MicroBlaze gcc compiler'
mb-gcc -Wall -O0 -g3 -c -fmessage-length=0 -MT"src/drivers/rf.o" -D __BAREMETAL__ -I../../microblaze_stream_test_bsp/microblaze_0/include -mlittle-endian -mcpu=v11.0 -mxl-soft-mul -Wl,--no-relax -ffunction-sections -fdata-sections -MMD -MP -MF"src/drivers/rf.d" -MT"src/drivers/rf.o" -o "src/drivers/rf.o" "../src/drivers/rf.c"
../src/drivers/rf.c: In function 'rf_wave_test':
../src/drivers/rf.c:35:2: warning: implicit declaration of function 'XGpio_DiscreteWrite' [-Wimplicit-function-declaration]
  XGpio_DiscreteWrite(&Gpio, 2, 0x01);
  ^~~~~~~~~~~~~~~~~~~
../src/drivers/rf.c:35:23: error: 'Gpio' undeclared (first use in this function)
  XGpio_DiscreteWrite(&Gpio, 2, 0x01);
                       ^~~~
../src/drivers/rf.c:35:23: note: each undeclared identifier is reported only once for each function it appears in
../src/drivers/rf.c:20:6: warning: variable 'test_train' set but not used [-Wunused-but-set-variable]
  u16 test_train[256];
      ^~~~~~~~~~
../src/drivers/rf.c: In function 'rf_self_test':
../src/drivers/rf.c:160:13: warning: implicit declaration of function 'CompareFabricRate' [-Wimplicit-function-declaration]
    Status = CompareFabricRate(SetFabricRate, GetFabricRate);
             ^~~~~~~~~~~~~~~~~
../src/drivers/rf.c: At top level:
../src/drivers/rf.c:250:12: error: static declaration of 'CompareFabricRate' follows non-static declaration
 static int CompareFabricRate(u32 SetFabricRate, u32 GetFabricRate)
            ^~~~~~~~~~~~~~~~~
../src/drivers/rf.c:160:13: note: previous implicit declaration of 'CompareFabricRate' was here
    Status = CompareFabricRate(SetFabricRate, GetFabricRate);
             ^~~~~~~~~~~~~~~~~
../src/drivers/rf.c:250:12: warning: 'CompareFabricRate' defined but not used [-Wunused-function]
 static int CompareFabricRate(u32 SetFabricRate, u32 GetFabricRate)
            ^~~~~~~~~~~~~~~~~
make: *** [src/drivers/subdir.mk:23: src/drivers/rf.o] Error 1
16:50:09 **** Auto Build of configuration Debug for project microblaze_stream_test ****
make all 
'Building file: ../src/drivers/rf.c'
'Invoking: MicroBlaze gcc compiler'
mb-gcc -Wall -O0 -g3 -c -fmessage-length=0 -MT"src/drivers/rf.o" -D __BAREMETAL__ -I../../microblaze_stream_test_bsp/microblaze_0/include -mlittle-endian -mcpu=v11.0 -mxl-soft-mul -Wl,--no-relax -ffunction-sections -fdata-sections -MMD -MP -MF"src/drivers/rf.d" -MT"src/drivers/rf.o" -o "src/drivers/rf.o" "../src/drivers/rf.c"
../src/drivers/rf.c: In function 'rf_wave_test':
../src/drivers/rf.c:35:2: warning: implicit declaration of function 'XGpio_DiscreteWrite' [-Wimplicit-function-declaration]
  XGpio_DiscreteWrite(&Gpio, 2, 0x01);
  ^~~~~~~~~~~~~~~~~~~
../src/drivers/rf.c:35:23: error: 'Gpio' undeclared (first use in this function)
  XGpio_DiscreteWrite(&Gpio, 2, 0x01);
                       ^~~~
../src/drivers/rf.c:35:23: note: each undeclared identifier is reported only once for each function it appears in
../src/drivers/rf.c:20:6: warning: variable 'test_train' set but not used [-Wunused-but-set-variable]
  u16 test_train[256];
      ^~~~~~~~~~
../src/drivers/rf.c: In function 'rf_self_test':
../src/drivers/rf.c:160:13: warning: implicit declaration of function 'CompareFabricRate' [-Wimplicit-function-declaration]
    Status = CompareFabricRate(SetFabricRate, GetFabricRate);
             ^~~~~~~~~~~~~~~~~
../src/drivers/rf.c: At top level:
../src/drivers/rf.c:250:12: error: static declaration of 'CompareFabricRate' follows non-static declaration
 static int CompareFabricRate(u32 SetFabricRate, u32 GetFabricRate)
            ^~~~~~~~~~~~~~~~~
../src/drivers/rf.c:160:13: note: previous implicit declaration of 'CompareFabricRate' was here
    Status = CompareFabricRate(SetFabricRate, GetFabricRate);
             ^~~~~~~~~~~~~~~~~
../src/drivers/rf.c:250:12: warning: 'CompareFabricRate' defined but not used [-Wunused-function]
 static int CompareFabricRate(u32 SetFabricRate, u32 GetFabricRate)
            ^~~~~~~~~~~~~~~~~
make: *** [src/drivers/subdir.mk:23: src/drivers/rf.o] Error 1
16:50:24 **** Auto Build of configuration Debug for project microblaze_stream_test ****
make all 
'Building file: ../src/drivers/rf.c'
'Invoking: MicroBlaze gcc compiler'
mb-gcc -Wall -O0 -g3 -c -fmessage-length=0 -MT"src/drivers/rf.o" -D __BAREMETAL__ -I../../microblaze_stream_test_bsp/microblaze_0/include -mlittle-endian -mcpu=v11.0 -mxl-soft-mul -Wl,--no-relax -ffunction-sections -fdata-sections -MMD -MP -MF"src/drivers/rf.d" -MT"src/drivers/rf.o" -o "src/drivers/rf.o" "../src/drivers/rf.c"
../src/drivers/rf.c: In function 'rf_wave_test':
../src/drivers/rf.c:35:2: warning: implicit declaration of function 'XGpio_DiscreteWrite' [-Wimplicit-function-declaration]
  XGpio_DiscreteWrite(&Gpio, 2, 0x01);
  ^~~~~~~~~~~~~~~~~~~
../src/drivers/rf.c:35:23: error: 'Gpio' undeclared (first use in this function)
  XGpio_DiscreteWrite(&Gpio, 2, 0x01);
                       ^~~~
../src/drivers/rf.c:35:23: note: each undeclared identifier is reported only once for each function it appears in
../src/drivers/rf.c:20:6: warning: variable 'test_train' set but not used [-Wunused-but-set-variable]
  u16 test_train[256];
      ^~~~~~~~~~
make: *** [src/drivers/subdir.mk:23: src/drivers/rf.o] Error 1
16:53:25 **** Auto Build of configuration Debug for project microblaze_stream_test ****
make all 
'Building file: ../src/drivers/rf.c'
'Invoking: MicroBlaze gcc compiler'
mb-gcc -Wall -O0 -g3 -c -fmessage-length=0 -MT"src/drivers/rf.o" -D __BAREMETAL__ -I../../microblaze_stream_test_bsp/microblaze_0/include -mlittle-endian -mcpu=v11.0 -mxl-soft-mul -Wl,--no-relax -ffunction-sections -fdata-sections -MMD -MP -MF"src/drivers/rf.d" -MT"src/drivers/rf.o" -o "src/drivers/rf.o" "../src/drivers/rf.c"
../src/drivers/rf.c: In function 'rf_wave_test':
../src/drivers/rf.c:35:2: warning: implicit declaration of function 'XGpio_DiscreteWrite' [-Wimplicit-function-declaration]
  XGpio_DiscreteWrite(&Gpio, 2, 0x01);
  ^~~~~~~~~~~~~~~~~~~
../src/drivers/rf.c:35:23: error: 'Gpio' undeclared (first use in this function)
  XGpio_DiscreteWrite(&Gpio, 2, 0x01);
                       ^~~~
../src/drivers/rf.c:35:23: note: each undeclared identifier is reported only once for each function it appears in
../src/drivers/rf.c:20:6: warning: variable 'test_train' set but not used [-Wunused-but-set-variable]
  u16 test_train[256];
      ^~~~~~~~~~
make: *** [src/drivers/subdir.mk:23: src/drivers/rf.o] Error 1
16:53:31 **** Auto Build of configuration Debug for project microblaze_stream_test ****
make all 
'Building file: ../src/drivers/rf.c'
'Invoking: MicroBlaze gcc compiler'
mb-gcc -Wall -O0 -g3 -c -fmessage-length=0 -MT"src/drivers/rf.o" -D __BAREMETAL__ -I../../microblaze_stream_test_bsp/microblaze_0/include -mlittle-endian -mcpu=v11.0 -mxl-soft-mul -Wl,--no-relax -ffunction-sections -fdata-sections -MMD -MP -MF"src/drivers/rf.d" -MT"src/drivers/rf.o" -o "src/drivers/rf.o" "../src/drivers/rf.c"
In file included from ../src/drivers/rf.c:8:
../src/drivers/rf.h:17:1: error: unknown type name 'XGpio'
 XGpio Gpio; /* The Instance of the GPIO Driver */
 ^~~~~
../src/drivers/rf.c: In function 'rf_wave_test':
../src/drivers/rf.c:35:2: warning: implicit declaration of function 'XGpio_DiscreteWrite' [-Wimplicit-function-declaration]
  XGpio_DiscreteWrite(&Gpio, 2, 0x01);
  ^~~~~~~~~~~~~~~~~~~
../src/drivers/rf.c:20:6: warning: variable 'test_train' set but not used [-Wunused-but-set-variable]
  u16 test_train[256];
      ^~~~~~~~~~
make: *** [src/drivers/subdir.mk:23: src/drivers/rf.o] Error 1
16:53:33 **** Auto Build of configuration Debug for project microblaze_stream_test ****
make all 
'Building file: ../src/drivers/rf.c'
'Invoking: MicroBlaze gcc compiler'
mb-gcc -Wall -O0 -g3 -c -fmessage-length=0 -MT"src/drivers/rf.o" -D __BAREMETAL__ -I../../microblaze_stream_test_bsp/microblaze_0/include -mlittle-endian -mcpu=v11.0 -mxl-soft-mul -Wl,--no-relax -ffunction-sections -fdata-sections -MMD -MP -MF"src/drivers/rf.d" -MT"src/drivers/rf.o" -o "src/drivers/rf.o" "../src/drivers/rf.c"
In file included from ../src/drivers/rf.c:8:
../src/drivers/rf.h:17:1: error: unknown type name 'XGpio'
 XGpio Gpio; /* The Instance of the GPIO Driver */
 ^~~~~
../src/drivers/rf.c: In function 'gpio_init':
../src/drivers/rf.c:13:6: warning: implicit declaration of function 'XGpio_Initialize'; did you mean 'XRFdc_CfgInitialize'? [-Wimplicit-function-declaration]
  if (XGpio_Initialize(&Gpio, GPIO_EXAMPLE_DEVICE_ID) == XST_SUCCESS)
      ^~~~~~~~~~~~~~~~
      XRFdc_CfgInitialize
../src/drivers/rf.c:13:30: error: 'GPIO_EXAMPLE_DEVICE_ID' undeclared (first use in this function); did you mean 'XPAR_BRAM_1_DEVICE_ID'?
  if (XGpio_Initialize(&Gpio, GPIO_EXAMPLE_DEVICE_ID) == XST_SUCCESS)
                              ^~~~~~~~~~~~~~~~~~~~~~
                              XPAR_BRAM_1_DEVICE_ID
../src/drivers/rf.c:13:30: note: each undeclared identifier is reported only once for each function it appears in
../src/drivers/rf.c:13:57: error: 'XST_SUCCESS' undeclared (first use in this function); did you mean 'EXIT_SUCCESS'?
  if (XGpio_Initialize(&Gpio, GPIO_EXAMPLE_DEVICE_ID) == XST_SUCCESS)
                                                         ^~~~~~~~~~~
                                                         EXIT_SUCCESS
../src/drivers/rf.c:15:3: warning: implicit declaration of function 'debug_print'; did you mean 'xdbg_printf'? [-Wimplicit-function-declaration]
   debug_print("GPIO init success!");
   ^~~~~~~~~~~
   xdbg_printf
../src/drivers/rf.c:23:2: warning: implicit declaration of function 'XGpio_SetDataDirection' [-Wimplicit-function-declaration]
  XGpio_SetDataDirection(&Gpio, 1, 0x00);
  ^~~~~~~~~~~~~~~~~~~~~~
../src/drivers/rf.c:27:2: warning: implicit declaration of function 'XGpio_DiscreteWrite' [-Wimplicit-function-declaration]
  XGpio_DiscreteWrite(&Gpio, 2, 0x03);
  ^~~~~~~~~~~~~~~~~~~
../src/drivers/rf.c: In function 'rf_wave_test':
../src/drivers/rf.c:42:6: warning: variable 'test_train' set but not used [-Wunused-but-set-variable]
  u16 test_train[256];
      ^~~~~~~~~~
../src/drivers/rf.c: In function 'rf_init':
../src/drivers/rf.c:124:5: warning: implicit declaration of function 'SelfTestExample' [-Wimplicit-function-declaration]
  if(SelfTestExample(RFDC_DEVICE_ID) == XRFDC_SUCCESS)
     ^~~~~~~~~~~~~~~
make: *** [src/drivers/subdir.mk:23: src/drivers/rf.o] Error 1
16:54:09 **** Auto Build of configuration Debug for project microblaze_stream_test ****
make all 
'Building file: ../src/drivers/rf.c'
'Invoking: MicroBlaze gcc compiler'
mb-gcc -Wall -O0 -g3 -c -fmessage-length=0 -MT"src/drivers/rf.o" -D __BAREMETAL__ -I../../microblaze_stream_test_bsp/microblaze_0/include -mlittle-endian -mcpu=v11.0 -mxl-soft-mul -Wl,--no-relax -ffunction-sections -fdata-sections -MMD -MP -MF"src/drivers/rf.d" -MT"src/drivers/rf.o" -o "src/drivers/rf.o" "../src/drivers/rf.c"
../src/drivers/rf.c: In function 'gpio_init':
../src/drivers/rf.c:13:30: error: 'GPIO_EXAMPLE_DEVICE_ID' undeclared (first use in this function); did you mean 'XPAR_BRAM_1_DEVICE_ID'?
  if (XGpio_Initialize(&Gpio, GPIO_EXAMPLE_DEVICE_ID) == XST_SUCCESS)
                              ^~~~~~~~~~~~~~~~~~~~~~
                              XPAR_BRAM_1_DEVICE_ID
../src/drivers/rf.c:13:30: note: each undeclared identifier is reported only once for each function it appears in
../src/drivers/rf.c:15:3: warning: implicit declaration of function 'debug_print'; did you mean 'xdbg_printf'? [-Wimplicit-function-declaration]
   debug_print("GPIO init success!");
   ^~~~~~~~~~~
   xdbg_printf
../src/drivers/rf.c: In function 'rf_wave_test':
../src/drivers/rf.c:42:6: warning: variable 'test_train' set but not used [-Wunused-but-set-variable]
  u16 test_train[256];
      ^~~~~~~~~~
../src/drivers/rf.c: In function 'rf_init':
../src/drivers/rf.c:124:5: warning: implicit declaration of function 'SelfTestExample' [-Wimplicit-function-declaration]
  if(SelfTestExample(RFDC_DEVICE_ID) == XRFDC_SUCCESS)
     ^~~~~~~~~~~~~~~
make: *** [src/drivers/subdir.mk:23: src/drivers/rf.o] Error 1
16:54:35 **** Auto Build of configuration Debug for project microblaze_stream_test ****
make all 
'Building file: ../src/drivers/rf.c'
'Invoking: MicroBlaze gcc compiler'
mb-gcc -Wall -O0 -g3 -c -fmessage-length=0 -MT"src/drivers/rf.o" -D __BAREMETAL__ -I../../microblaze_stream_test_bsp/microblaze_0/include -mlittle-endian -mcpu=v11.0 -mxl-soft-mul -Wl,--no-relax -ffunction-sections -fdata-sections -MMD -MP -MF"src/drivers/rf.d" -MT"src/drivers/rf.o" -o "src/drivers/rf.o" "../src/drivers/rf.c"
../src/drivers/rf.c: In function 'gpio_init':
../src/drivers/rf.c:15:3: warning: implicit declaration of function 'debug_print'; did you mean 'xdbg_printf'? [-Wimplicit-function-declaration]
   debug_print("GPIO init success!");
   ^~~~~~~~~~~
   xdbg_printf
../src/drivers/rf.c: In function 'rf_wave_test':
../src/drivers/rf.c:42:6: warning: variable 'test_train' set but not used [-Wunused-but-set-variable]
  u16 test_train[256];
      ^~~~~~~~~~
../src/drivers/rf.c: In function 'rf_init':
../src/drivers/rf.c:124:5: warning: implicit declaration of function 'SelfTestExample' [-Wimplicit-function-declaration]
  if(SelfTestExample(RFDC_DEVICE_ID) == XRFDC_SUCCESS)
     ^~~~~~~~~~~~~~~
'Finished building: ../src/drivers/rf.c'
' '
'Building file: ../src/helloworld.c'
'Invoking: MicroBlaze gcc compiler'
mb-gcc -Wall -O0 -g3 -c -fmessage-length=0 -MT"src/helloworld.o" -D __BAREMETAL__ -I../../microblaze_stream_test_bsp/microblaze_0/include -mlittle-endian -mcpu=v11.0 -mxl-soft-mul -Wl,--no-relax -ffunction-sections -fdata-sections -MMD -MP -MF"src/helloworld.d" -MT"src/helloworld.o" -o "src/helloworld.o" "../src/helloworld.c"
../src/helloworld.c: In function 'main':
../src/helloworld.c:132:2: warning: implicit declaration of function 'rf_init'; did you mean 'uart_init'? [-Wimplicit-function-declaration]
  rf_init();
  ^~~~~~~
  uart_init
../src/helloworld.c: At top level:
../src/helloworld.c:71:12: warning: 'CompareFabricRate' declared 'static' but never defined [-Wunused-function]
 static int CompareFabricRate(u32 SetFabricRate, u32 GetFabricRate);
            ^~~~~~~~~~~~~~~~~
../src/helloworld.c:70:12: warning: 'SelfTestExample' declared 'static' but never defined [-Wunused-function]
 static int SelfTestExample(u16 SysMonDeviceId);
            ^~~~~~~~~~~~~~~
In file included from ../src/helloworld.c:54:
../src/drivers/rf.h:17:14: warning: 'RFdcInst' defined but not used [-Wunused-variable]
 static XRFdc RFdcInst;      /* RFdc driver instance */
              ^~~~~~~~
'Finished building: ../src/helloworld.c'
' '
'Building target: microblaze_stream_test.elf'
'Invoking: MicroBlaze gcc linker'
mb-gcc -Wl,-T -Wl,../src/lscript.ld -L../../microblaze_stream_test_bsp/microblaze_0/lib -mlittle-endian -mcpu=v11.0 -mxl-soft-mul -Wl,--no-relax -Wl,--gc-sections -o "microblaze_stream_test.elf"  ./src/drivers/rf.o ./src/drivers/uart.o  ./src/helloworld.o ./src/platform.o   -Wl,--start-group,-lxil,-lgcc,-lc,--end-group -Wl,--start-group,-lxil,-lmetal,-lgcc,-lc,--end-group
c:/xilinx/sdk/2019.1/gnu/microblaze/nt/bin/../lib/gcc/microblaze-xilinx-elf/8.2.0/../../../../microblaze-xilinx-elf/bin/ld.exe: ./src/drivers/rf.o: in function `rf_init':
C:\james\fpga_projects\microblaze_stream_test\microblaze_stream_test.sdk\microblaze_stream_test\Debug/../src/drivers/rf.c:124: undefined reference to `SelfTestExample'
collect2.exe: error: ld returned 1 exit status
make: *** [makefile:39: microblaze_stream_test.elf] Error 1
16:54:56 **** Auto Build of configuration Debug for project microblaze_stream_test ****
make all 
'Building file: ../src/drivers/rf.c'
'Invoking: MicroBlaze gcc compiler'
mb-gcc -Wall -O0 -g3 -c -fmessage-length=0 -MT"src/drivers/rf.o" -D __BAREMETAL__ -I../../microblaze_stream_test_bsp/microblaze_0/include -mlittle-endian -mcpu=v11.0 -mxl-soft-mul -Wl,--no-relax -ffunction-sections -fdata-sections -MMD -MP -MF"src/drivers/rf.d" -MT"src/drivers/rf.o" -o "src/drivers/rf.o" "../src/drivers/rf.c"
../src/drivers/rf.c: In function 'gpio_init':
../src/drivers/rf.c:15:3: warning: implicit declaration of function 'debug_print'; did you mean 'xdbg_printf'? [-Wimplicit-function-declaration]
   debug_print("GPIO init success!");
   ^~~~~~~~~~~
   xdbg_printf
../src/drivers/rf.c: In function 'rf_wave_test':
../src/drivers/rf.c:42:6: warning: variable 'test_train' set but not used [-Wunused-but-set-variable]
  u16 test_train[256];
      ^~~~~~~~~~
../src/drivers/rf.c: In function 'rf_init':
../src/drivers/rf.c:124:5: warning: implicit declaration of function 'rf_self_test'; did you mean 'rf_wave_test'? [-Wimplicit-function-declaration]
  if(rf_self_test() == XRFDC_SUCCESS)
     ^~~~~~~~~~~~
     rf_wave_test
'Finished building: ../src/drivers/rf.c'
' '
'Building target: microblaze_stream_test.elf'
'Invoking: MicroBlaze gcc linker'
mb-gcc -Wl,-T -Wl,../src/lscript.ld -L../../microblaze_stream_test_bsp/microblaze_0/lib -mlittle-endian -mcpu=v11.0 -mxl-soft-mul -Wl,--no-relax -Wl,--gc-sections -o "microblaze_stream_test.elf"  ./src/drivers/rf.o ./src/drivers/uart.o  ./src/helloworld.o ./src/platform.o   -Wl,--start-group,-lxil,-lgcc,-lc,--end-group -Wl,--start-group,-lxil,-lmetal,-lgcc,-lc,--end-group
'Finished building target: microblaze_stream_test.elf'
' '
'Invoking: MicroBlaze Print Size'
mb-size microblaze_stream_test.elf  |tee "microblaze_stream_test.elf.size"
   text	   data	    bss	    dec	    hex	filename
  75158	   3376	   9954	  88488	  159a8	microblaze_stream_test.elf
'Finished building: microblaze_stream_test.elf.size'
' '
16:56:30 **** Auto Build of configuration Debug for project microblaze_stream_test ****
make all 
'Building file: ../src/helloworld.c'
'Invoking: MicroBlaze gcc compiler'
mb-gcc -Wall -O0 -g3 -c -fmessage-length=0 -MT"src/helloworld.o" -D __BAREMETAL__ -I../../microblaze_stream_test_bsp/microblaze_0/include -mlittle-endian -mcpu=v11.0 -mxl-soft-mul -Wl,--no-relax -ffunction-sections -fdata-sections -MMD -MP -MF"src/helloworld.d" -MT"src/helloworld.o" -o "src/helloworld.o" "../src/helloworld.c"
../src/helloworld.c: In function 'main':
../src/helloworld.c:72:2: warning: implicit declaration of function 'rf_init'; did you mean 'uart_init'? [-Wimplicit-function-declaration]
  rf_init();
  ^~~~~~~
  uart_init
../src/helloworld.c: At top level:
../src/helloworld.c:59:12: warning: 'CompareFabricRate' declared 'static' but never defined [-Wunused-function]
 static int CompareFabricRate(u32 SetFabricRate, u32 GetFabricRate);
            ^~~~~~~~~~~~~~~~~
../src/helloworld.c:58:12: warning: 'SelfTestExample' declared 'static' but never defined [-Wunused-function]
 static int SelfTestExample(u16 SysMonDeviceId);
            ^~~~~~~~~~~~~~~
In file included from ../src/helloworld.c:53:
../src/drivers/rf.h:17:14: warning: 'RFdcInst' defined but not used [-Wunused-variable]
 static XRFdc RFdcInst;      /* RFdc driver instance */
              ^~~~~~~~
'Finished building: ../src/helloworld.c'
' '
'Building target: microblaze_stream_test.elf'
'Invoking: MicroBlaze gcc linker'
mb-gcc -Wl,-T -Wl,../src/lscript.ld -L../../microblaze_stream_test_bsp/microblaze_0/lib -mlittle-endian -mcpu=v11.0 -mxl-soft-mul -Wl,--no-relax -Wl,--gc-sections -o "microblaze_stream_test.elf"  ./src/drivers/rf.o ./src/drivers/uart.o  ./src/helloworld.o ./src/platform.o   -Wl,--start-group,-lxil,-lgcc,-lc,--end-group -Wl,--start-group,-lxil,-lmetal,-lgcc,-lc,--end-group
'Finished building target: microblaze_stream_test.elf'
' '
'Invoking: MicroBlaze Print Size'
mb-size microblaze_stream_test.elf  |tee "microblaze_stream_test.elf.size"
   text	   data	    bss	    dec	    hex	filename
  73090	   3376	   9958	  86424	  15198	microblaze_stream_test.elf
'Finished building: microblaze_stream_test.elf.size'
' '
16:57:01 **** Incremental Build of configuration Debug for project microblaze_stream_test ****
make all 
make: Nothing to be done for 'all'.
17:01:34 **** Auto Build of configuration Debug for project microblaze_stream_test ****
make all 
'Building file: ../src/drivers/rf.c'
'Invoking: MicroBlaze gcc compiler'
mb-gcc -Wall -O0 -g3 -c -fmessage-length=0 -MT"src/drivers/rf.o" -D __BAREMETAL__ -I../../microblaze_stream_test_bsp/microblaze_0/include -mlittle-endian -mcpu=v11.0 -mxl-soft-mul -Wl,--no-relax -ffunction-sections -fdata-sections -MMD -MP -MF"src/drivers/rf.d" -MT"src/drivers/rf.o" -o "src/drivers/rf.o" "../src/drivers/rf.c"
../src/drivers/rf.c: In function 'gpio_init':
../src/drivers/rf.c:15:3: warning: implicit declaration of function 'debug_print'; did you mean 'xdbg_printf'? [-Wimplicit-function-declaration]
   debug_print("GPIO init success!");
   ^~~~~~~~~~~
   xdbg_printf
../src/drivers/rf.c: In function 'rf_wave_test':
../src/drivers/rf.c:42:6: warning: variable 'test_train' set but not used [-Wunused-but-set-variable]
  u16 test_train[256];
      ^~~~~~~~~~
../src/drivers/rf.c: In function 'rf_init':
../src/drivers/rf.c:121:5: warning: implicit declaration of function 'rf_self_test'; did you mean 'rf_wave_test'? [-Wimplicit-function-declaration]
  if(rf_self_test() == XRFDC_SUCCESS)
     ^~~~~~~~~~~~
     rf_wave_test
'Finished building: ../src/drivers/rf.c'
' '
'Building target: microblaze_stream_test.elf'
'Invoking: MicroBlaze gcc linker'
mb-gcc -Wl,-T -Wl,../src/lscript.ld -L../../microblaze_stream_test_bsp/microblaze_0/lib -mlittle-endian -mcpu=v11.0 -mxl-soft-mul -Wl,--no-relax -Wl,--gc-sections -o "microblaze_stream_test.elf"  ./src/drivers/rf.o ./src/drivers/uart.o  ./src/helloworld.o ./src/platform.o   -Wl,--start-group,-lxil,-lgcc,-lc,--end-group -Wl,--start-group,-lxil,-lmetal,-lgcc,-lc,--end-group
'Finished building target: microblaze_stream_test.elf'
' '
'Invoking: MicroBlaze Print Size'
mb-size microblaze_stream_test.elf  |tee "microblaze_stream_test.elf.size"
   text	   data	    bss	    dec	    hex	filename
  73018	   3376	   9958	  86352	  15150	microblaze_stream_test.elf
'Finished building: microblaze_stream_test.elf.size'
' '
17:02:32 **** Auto Build of configuration Debug for project microblaze_stream_test ****
make all 
'Building file: ../src/drivers/rf.c'
'Invoking: MicroBlaze gcc compiler'
mb-gcc -Wall -O0 -g3 -c -fmessage-length=0 -MT"src/drivers/rf.o" -D __BAREMETAL__ -I../../microblaze_stream_test_bsp/microblaze_0/include -mlittle-endian -mcpu=v11.0 -mxl-soft-mul -Wl,--no-relax -ffunction-sections -fdata-sections -MMD -MP -MF"src/drivers/rf.d" -MT"src/drivers/rf.o" -o "src/drivers/rf.o" "../src/drivers/rf.c"
../src/drivers/rf.c: In function 'gpio_init':
../src/drivers/rf.c:15:3: warning: implicit declaration of function 'debug_print'; did you mean 'xdbg_printf'? [-Wimplicit-function-declaration]
   debug_print("GPIO init success!");
   ^~~~~~~~~~~
   xdbg_printf
../src/drivers/rf.c: In function 'rf_wave_test':
../src/drivers/rf.c:42:6: warning: variable 'test_train' set but not used [-Wunused-but-set-variable]
  u16 test_train[256];
      ^~~~~~~~~~
../src/drivers/rf.c: In function 'rf_init':
../src/drivers/rf.c:121:5: warning: implicit declaration of function 'rf_self_test'; did you mean 'rf_wave_test'? [-Wimplicit-function-declaration]
  if(rf_self_test() == XRFDC_SUCCESS)
     ^~~~~~~~~~~~
     rf_wave_test
'Finished building: ../src/drivers/rf.c'
' '
'Building target: microblaze_stream_test.elf'
'Invoking: MicroBlaze gcc linker'
mb-gcc -Wl,-T -Wl,../src/lscript.ld -L../../microblaze_stream_test_bsp/microblaze_0/lib -mlittle-endian -mcpu=v11.0 -mxl-soft-mul -Wl,--no-relax -Wl,--gc-sections -o "microblaze_stream_test.elf"  ./src/drivers/rf.o ./src/drivers/uart.o  ./src/helloworld.o ./src/platform.o   -Wl,--start-group,-lxil,-lgcc,-lc,--end-group -Wl,--start-group,-lxil,-lmetal,-lgcc,-lc,--end-group
'Finished building target: microblaze_stream_test.elf'
' '
'Invoking: MicroBlaze Print Size'
mb-size microblaze_stream_test.elf  |tee "microblaze_stream_test.elf.size"
   text	   data	    bss	    dec	    hex	filename
  73018	   3376	   9958	  86352	  15150	microblaze_stream_test.elf
'Finished building: microblaze_stream_test.elf.size'
' '
17:02:45 **** Incremental Build of configuration Debug for project microblaze_stream_test ****
make all 
make: Nothing to be done for 'all'.
17:04:10 **** Auto Build of configuration Debug for project microblaze_stream_test ****
make all 
'Building file: ../src/helloworld.c'
'Invoking: MicroBlaze gcc compiler'
mb-gcc -Wall -O0 -g3 -c -fmessage-length=0 -MT"src/helloworld.o" -D __BAREMETAL__ -I../../microblaze_stream_test_bsp/microblaze_0/include -mlittle-endian -mcpu=v11.0 -mxl-soft-mul -Wl,--no-relax -ffunction-sections -fdata-sections -MMD -MP -MF"src/helloworld.d" -MT"src/helloworld.o" -o "src/helloworld.o" "../src/helloworld.c"
../src/helloworld.c: In function 'main':
../src/helloworld.c:200:6: warning: variable 'test_train' set but not used [-Wunused-but-set-variable]
  u16 test_train[256];
      ^~~~~~~~~~
'Finished building: ../src/helloworld.c'
' '
'Building target: microblaze_stream_test.elf'
'Invoking: MicroBlaze gcc linker'
mb-gcc -Wl,-T -Wl,../src/lscript.ld -L../../microblaze_stream_test_bsp/microblaze_0/lib -mlittle-endian -mcpu=v11.0 -mxl-soft-mul -Wl,--no-relax -Wl,--gc-sections -o "microblaze_stream_test.elf"  ./src/drivers/rf.o ./src/drivers/uart.o  ./src/helloworld.o ./src/platform.o   -Wl,--start-group,-lxil,-lgcc,-lc,--end-group -Wl,--start-group,-lxil,-lmetal,-lgcc,-lc,--end-group
c:/xilinx/sdk/2019.1/gnu/microblaze/nt/bin/../lib/gcc/microblaze-xilinx-elf/8.2.0/../../../../microblaze-xilinx-elf/bin/ld.exe: ./src/helloworld.o: in function `debug_print':
C:\james\fpga_projects\microblaze_stream_test\microblaze_stream_test.sdk\microblaze_stream_test\Debug/../src/helloworld.c:305: multiple definition of `debug_print'; ./src/drivers/uart.o:C:\james\fpga_projects\microblaze_stream_test\microblaze_stream_test.sdk\microblaze_stream_test\Debug/../src/drivers/uart.c:11: first defined here
c:/xilinx/sdk/2019.1/gnu/microblaze/nt/bin/../lib/gcc/microblaze-xilinx-elf/8.2.0/../../../../microblaze-xilinx-elf/bin/ld.exe: ./src/helloworld.o: in function `write_sample_stream':
C:\james\fpga_projects\microblaze_stream_test\microblaze_stream_test.sdk\microblaze_stream_test\Debug/../src/helloworld.c:262: multiple definition of `write_sample_stream'; ./src/drivers/rf.o:C:\james\fpga_projects\microblaze_stream_test\microblaze_stream_test.sdk\microblaze_stream_test\Debug/../src/drivers/rf.c:72: first defined here
collect2.exe: error: ld returned 1 exit status
make: *** [makefile:39: microblaze_stream_test.elf] Error 1
17:05:26 **** Auto Build of configuration Debug for project microblaze_stream_test ****
make all 
'Building file: ../src/drivers/uart.c'
'Invoking: MicroBlaze gcc compiler'
mb-gcc -Wall -O0 -g3 -c -fmessage-length=0 -MT"src/drivers/uart.o" -D __BAREMETAL__ -I../../microblaze_stream_test_bsp/microblaze_0/include -mlittle-endian -mcpu=v11.0 -mxl-soft-mul -Wl,--no-relax -ffunction-sections -fdata-sections -MMD -MP -MF"src/drivers/uart.d" -MT"src/drivers/uart.o" -o "src/drivers/uart.o" "../src/drivers/uart.c"
../src/drivers/uart.c: In function 'debug_print':
../src/drivers/uart.c:12:2: warning: implicit declaration of function 'print' [-Wimplicit-function-declaration]
  print(buff);
  ^~~~~
'Finished building: ../src/drivers/uart.c'
' '
'Building target: microblaze_stream_test.elf'
'Invoking: MicroBlaze gcc linker'
mb-gcc -Wl,-T -Wl,../src/lscript.ld -L../../microblaze_stream_test_bsp/microblaze_0/lib -mlittle-endian -mcpu=v11.0 -mxl-soft-mul -Wl,--no-relax -Wl,--gc-sections -o "microblaze_stream_test.elf"  ./src/drivers/rf.o ./src/drivers/uart.o  ./src/helloworld.o ./src/platform.o   -Wl,--start-group,-lxil,-lgcc,-lc,--end-group -Wl,--start-group,-lxil,-lmetal,-lgcc,-lc,--end-group
c:/xilinx/sdk/2019.1/gnu/microblaze/nt/bin/../lib/gcc/microblaze-xilinx-elf/8.2.0/../../../../microblaze-xilinx-elf/bin/ld.exe: ./src/helloworld.o: in function `debug_print':
C:\james\fpga_projects\microblaze_stream_test\microblaze_stream_test.sdk\microblaze_stream_test\Debug/../src/helloworld.c:305: multiple definition of `debug_print'; ./src/drivers/uart.o:C:\james\fpga_projects\microblaze_stream_test\microblaze_stream_test.sdk\microblaze_stream_test\Debug/../src/drivers/uart.c:11: first defined here
c:/xilinx/sdk/2019.1/gnu/microblaze/nt/bin/../lib/gcc/microblaze-xilinx-elf/8.2.0/../../../../microblaze-xilinx-elf/bin/ld.exe: ./src/helloworld.o: in function `write_sample_stream':
C:\james\fpga_projects\microblaze_stream_test\microblaze_stream_test.sdk\microblaze_stream_test\Debug/../src/helloworld.c:262: multiple definition of `write_sample_stream'; ./src/drivers/rf.o:C:\james\fpga_projects\microblaze_stream_test\microblaze_stream_test.sdk\microblaze_stream_test\Debug/../src/drivers/rf.c:72: first defined here
collect2.exe: error: ld returned 1 exit status
make: *** [makefile:39: microblaze_stream_test.elf] Error 1
17:05:29 **** Auto Build of configuration Debug for project microblaze_stream_test ****
make all 
'Building file: ../src/drivers/rf.c'
'Invoking: MicroBlaze gcc compiler'
mb-gcc -Wall -O0 -g3 -c -fmessage-length=0 -MT"src/drivers/rf.o" -D __BAREMETAL__ -I../../microblaze_stream_test_bsp/microblaze_0/include -mlittle-endian -mcpu=v11.0 -mxl-soft-mul -Wl,--no-relax -ffunction-sections -fdata-sections -MMD -MP -MF"src/drivers/rf.d" -MT"src/drivers/rf.o" -o "src/drivers/rf.o" "../src/drivers/rf.c"
../src/drivers/rf.c: In function 'gpio_init':
../src/drivers/rf.c:15:3: warning: implicit declaration of function 'debug_print'; did you mean 'xdbg_printf'? [-Wimplicit-function-declaration]
   debug_print("GPIO init success!");
   ^~~~~~~~~~~
   xdbg_printf
../src/drivers/rf.c: In function 'rf_wave_test':
../src/drivers/rf.c:59:2: warning: implicit declaration of function 'write_sample_stream' [-Wimplicit-function-declaration]
  write_sample_stream(zeros, 16);
  ^~~~~~~~~~~~~~~~~~~
../src/drivers/rf.c:42:6: warning: variable 'test_train' set but not used [-Wunused-but-set-variable]
  u16 test_train[256];
      ^~~~~~~~~~
../src/drivers/rf.c: At top level:
../src/drivers/rf.c:71:6: warning: conflicting types for 'write_sample_stream'
 void write_sample_stream(u16* samples, u16 length)
      ^~~~~~~~~~~~~~~~~~~
../src/drivers/rf.c:59:2: note: previous implicit declaration of 'write_sample_stream' was here
  write_sample_stream(zeros, 16);
  ^~~~~~~~~~~~~~~~~~~
../src/drivers/rf.c: In function 'rf_init':
../src/drivers/rf.c:121:5: warning: implicit declaration of function 'rf_self_test'; did you mean 'rf_wave_test'? [-Wimplicit-function-declaration]
  if(rf_self_test() == XRFDC_SUCCESS)
     ^~~~~~~~~~~~
     rf_wave_test
'Finished building: ../src/drivers/rf.c'
' '
'Building target: microblaze_stream_test.elf'
'Invoking: MicroBlaze gcc linker'
mb-gcc -Wl,-T -Wl,../src/lscript.ld -L../../microblaze_stream_test_bsp/microblaze_0/lib -mlittle-endian -mcpu=v11.0 -mxl-soft-mul -Wl,--no-relax -Wl,--gc-sections -o "microblaze_stream_test.elf"  ./src/drivers/rf.o ./src/drivers/uart.o  ./src/helloworld.o ./src/platform.o   -Wl,--start-group,-lxil,-lgcc,-lc,--end-group -Wl,--start-group,-lxil,-lmetal,-lgcc,-lc,--end-group
c:/xilinx/sdk/2019.1/gnu/microblaze/nt/bin/../lib/gcc/microblaze-xilinx-elf/8.2.0/../../../../microblaze-xilinx-elf/bin/ld.exe: ./src/helloworld.o: in function `debug_print':
C:\james\fpga_projects\microblaze_stream_test\microblaze_stream_test.sdk\microblaze_stream_test\Debug/../src/helloworld.c:305: multiple definition of `debug_print'; ./src/drivers/uart.o:C:\james\fpga_projects\microblaze_stream_test\microblaze_stream_test.sdk\microblaze_stream_test\Debug/../src/drivers/uart.c:11: first defined here
c:/xilinx/sdk/2019.1/gnu/microblaze/nt/bin/../lib/gcc/microblaze-xilinx-elf/8.2.0/../../../../microblaze-xilinx-elf/bin/ld.exe: ./src/helloworld.o: in function `write_sample_stream':
C:\james\fpga_projects\microblaze_stream_test\microblaze_stream_test.sdk\microblaze_stream_test\Debug/../src/helloworld.c:262: multiple definition of `write_sample_stream'; ./src/drivers/rf.o:C:\james\fpga_projects\microblaze_stream_test\microblaze_stream_test.sdk\microblaze_stream_test\Debug/../src/drivers/rf.c:72: first defined here
collect2.exe: error: ld returned 1 exit status
make: *** [makefile:39: microblaze_stream_test.elf] Error 1
17:05:30 **** Auto Build of configuration Debug for project microblaze_stream_test ****
make all 
'Building file: ../src/drivers/rf.c'
'Invoking: MicroBlaze gcc compiler'
mb-gcc -Wall -O0 -g3 -c -fmessage-length=0 -MT"src/drivers/rf.o" -D __BAREMETAL__ -I../../microblaze_stream_test_bsp/microblaze_0/include -mlittle-endian -mcpu=v11.0 -mxl-soft-mul -Wl,--no-relax -ffunction-sections -fdata-sections -MMD -MP -MF"src/drivers/rf.d" -MT"src/drivers/rf.o" -o "src/drivers/rf.o" "../src/drivers/rf.c"
../src/drivers/rf.c: In function 'gpio_init':
../src/drivers/rf.c:15:3: warning: implicit declaration of function 'debug_print'; did you mean 'xdbg_printf'? [-Wimplicit-function-declaration]
   debug_print("GPIO init success!");
   ^~~~~~~~~~~
   xdbg_printf
../src/drivers/rf.c: In function 'rf_wave_test':
../src/drivers/rf.c:59:2: warning: implicit declaration of function 'write_sample_stream' [-Wimplicit-function-declaration]
  write_sample_stream(zeros, 16);
  ^~~~~~~~~~~~~~~~~~~
../src/drivers/rf.c:42:6: warning: variable 'test_train' set but not used [-Wunused-but-set-variable]
  u16 test_train[256];
      ^~~~~~~~~~
../src/drivers/rf.c: In function 'rf_init':
../src/drivers/rf.c:121:5: warning: implicit declaration of function 'rf_self_test'; did you mean 'rf_wave_test'? [-Wimplicit-function-declaration]
  if(rf_self_test() == XRFDC_SUCCESS)
     ^~~~~~~~~~~~
     rf_wave_test
'Finished building: ../src/drivers/rf.c'
' '
'Building target: microblaze_stream_test.elf'
'Invoking: MicroBlaze gcc linker'
mb-gcc -Wl,-T -Wl,../src/lscript.ld -L../../microblaze_stream_test_bsp/microblaze_0/lib -mlittle-endian -mcpu=v11.0 -mxl-soft-mul -Wl,--no-relax -Wl,--gc-sections -o "microblaze_stream_test.elf"  ./src/drivers/rf.o ./src/drivers/uart.o  ./src/helloworld.o ./src/platform.o   -Wl,--start-group,-lxil,-lgcc,-lc,--end-group -Wl,--start-group,-lxil,-lmetal,-lgcc,-lc,--end-group
c:/xilinx/sdk/2019.1/gnu/microblaze/nt/bin/../lib/gcc/microblaze-xilinx-elf/8.2.0/../../../../microblaze-xilinx-elf/bin/ld.exe: ./src/helloworld.o: in function `debug_print':
C:\james\fpga_projects\microblaze_stream_test\microblaze_stream_test.sdk\microblaze_stream_test\Debug/../src/helloworld.c:305: multiple definition of `debug_print'; ./src/drivers/uart.o:C:\james\fpga_projects\microblaze_stream_test\microblaze_stream_test.sdk\microblaze_stream_test\Debug/../src/drivers/uart.c:11: first defined here
collect2.exe: error: ld returned 1 exit status
make: *** [makefile:39: microblaze_stream_test.elf] Error 1
17:05:31 **** Auto Build of configuration Debug for project microblaze_stream_test ****
make all 
'Building file: ../src/drivers/uart.c'
'Invoking: MicroBlaze gcc compiler'
mb-gcc -Wall -O0 -g3 -c -fmessage-length=0 -MT"src/drivers/uart.o" -D __BAREMETAL__ -I../../microblaze_stream_test_bsp/microblaze_0/include -mlittle-endian -mcpu=v11.0 -mxl-soft-mul -Wl,--no-relax -ffunction-sections -fdata-sections -MMD -MP -MF"src/drivers/uart.d" -MT"src/drivers/uart.o" -o "src/drivers/uart.o" "../src/drivers/uart.c"
'Finished building: ../src/drivers/uart.c'
' '
'Building target: microblaze_stream_test.elf'
'Invoking: MicroBlaze gcc linker'
mb-gcc -Wl,-T -Wl,../src/lscript.ld -L../../microblaze_stream_test_bsp/microblaze_0/lib -mlittle-endian -mcpu=v11.0 -mxl-soft-mul -Wl,--no-relax -Wl,--gc-sections -o "microblaze_stream_test.elf"  ./src/drivers/rf.o ./src/drivers/uart.o  ./src/helloworld.o ./src/platform.o   -Wl,--start-group,-lxil,-lgcc,-lc,--end-group -Wl,--start-group,-lxil,-lmetal,-lgcc,-lc,--end-group
'Finished building target: microblaze_stream_test.elf'
' '
'Invoking: MicroBlaze Print Size'
mb-size microblaze_stream_test.elf  |tee "microblaze_stream_test.elf.size"
   text	   data	    bss	    dec	    hex	filename
  75442	   3376	   9958	  88776	  15ac8	microblaze_stream_test.elf
'Finished building: microblaze_stream_test.elf.size'
' '
17:05:35 **** Incremental Build of configuration Debug for project microblaze_stream_test ****
make all 
make: Nothing to be done for 'all'.
17:07:07 **** Incremental Build of configuration Debug for project microblaze_stream_test ****
make all 
make: Nothing to be done for 'all'.
17:07:49 **** Auto Build of configuration Debug for project microblaze_stream_test ****
make all 
'Building file: ../src/drivers/rf.c'
'Invoking: MicroBlaze gcc compiler'
mb-gcc -Wall -O0 -g3 -c -fmessage-length=0 -MT"src/drivers/rf.o" -D __BAREMETAL__ -I../../microblaze_stream_test_bsp/microblaze_0/include -mlittle-endian -mcpu=v11.0 -mxl-soft-mul -Wl,--no-relax -ffunction-sections -fdata-sections -MMD -MP -MF"src/drivers/rf.d" -MT"src/drivers/rf.o" -o "src/drivers/rf.o" "../src/drivers/rf.c"
../src/drivers/rf.c: In function 'gpio_init':
../src/drivers/rf.c:15:3: warning: implicit declaration of function 'debug_print'; did you mean 'xdbg_printf'? [-Wimplicit-function-declaration]
   debug_print("GPIO init success!");
   ^~~~~~~~~~~
   xdbg_printf
../src/drivers/rf.c: In function 'rf_wave_test':
../src/drivers/rf.c:42:6: warning: variable 'test_train' set but not used [-Wunused-but-set-variable]
  u16 test_train[256];
      ^~~~~~~~~~
../src/drivers/rf.c: In function 'rf_init':
../src/drivers/rf.c:121:5: warning: implicit declaration of function 'rf_self_test'; did you mean 'rf_wave_test'? [-Wimplicit-function-declaration]
  if(rf_self_test() == XRFDC_SUCCESS)
     ^~~~~~~~~~~~
     rf_wave_test
'Finished building: ../src/drivers/rf.c'
' '
'Building target: microblaze_stream_test.elf'
'Invoking: MicroBlaze gcc linker'
mb-gcc -Wl,-T -Wl,../src/lscript.ld -L../../microblaze_stream_test_bsp/microblaze_0/lib -mlittle-endian -mcpu=v11.0 -mxl-soft-mul -Wl,--no-relax -Wl,--gc-sections -o "microblaze_stream_test.elf"  ./src/drivers/rf.o ./src/drivers/uart.o  ./src/helloworld.o ./src/platform.o   -Wl,--start-group,-lxil,-lgcc,-lc,--end-group -Wl,--start-group,-lxil,-lmetal,-lgcc,-lc,--end-group
'Finished building target: microblaze_stream_test.elf'
' '
'Invoking: MicroBlaze Print Size'
mb-size microblaze_stream_test.elf  |tee "microblaze_stream_test.elf.size"
   text	   data	    bss	    dec	    hex	filename
  75442	   3376	   9958	  88776	  15ac8	microblaze_stream_test.elf
'Finished building: microblaze_stream_test.elf.size'
' '
17:07:50 **** Auto Build of configuration Debug for project microblaze_stream_test ****
make all 
make: Nothing to be done for 'all'.
17:07:52 **** Auto Build of configuration Debug for project microblaze_stream_test ****
make all 
'Building file: ../src/drivers/uart.c'
'Invoking: MicroBlaze gcc compiler'
mb-gcc -Wall -O0 -g3 -c -fmessage-length=0 -MT"src/drivers/uart.o" -D __BAREMETAL__ -I../../microblaze_stream_test_bsp/microblaze_0/include -mlittle-endian -mcpu=v11.0 -mxl-soft-mul -Wl,--no-relax -ffunction-sections -fdata-sections -MMD -MP -MF"src/drivers/uart.d" -MT"src/drivers/uart.o" -o "src/drivers/uart.o" "../src/drivers/uart.c"
'Finished building: ../src/drivers/uart.c'
' '
'Building target: microblaze_stream_test.elf'
'Invoking: MicroBlaze gcc linker'
mb-gcc -Wl,-T -Wl,../src/lscript.ld -L../../microblaze_stream_test_bsp/microblaze_0/lib -mlittle-endian -mcpu=v11.0 -mxl-soft-mul -Wl,--no-relax -Wl,--gc-sections -o "microblaze_stream_test.elf"  ./src/drivers/rf.o ./src/drivers/uart.o  ./src/helloworld.o ./src/platform.o   -Wl,--start-group,-lxil,-lgcc,-lc,--end-group -Wl,--start-group,-lxil,-lmetal,-lgcc,-lc,--end-group
'Finished building target: microblaze_stream_test.elf'
' '
'Invoking: MicroBlaze Print Size'
mb-size microblaze_stream_test.elf  |tee "microblaze_stream_test.elf.size"
   text	   data	    bss	    dec	    hex	filename
  75442	   3376	   9958	  88776	  15ac8	microblaze_stream_test.elf
'Finished building: microblaze_stream_test.elf.size'
' '
17:07:53 **** Auto Build of configuration Debug for project microblaze_stream_test ****
make all 
'Building file: ../src/drivers/uart.c'
'Invoking: MicroBlaze gcc compiler'
mb-gcc -Wall -O0 -g3 -c -fmessage-length=0 -MT"src/drivers/uart.o" -D __BAREMETAL__ -I../../microblaze_stream_test_bsp/microblaze_0/include -mlittle-endian -mcpu=v11.0 -mxl-soft-mul -Wl,--no-relax -ffunction-sections -fdata-sections -MMD -MP -MF"src/drivers/uart.d" -MT"src/drivers/uart.o" -o "src/drivers/uart.o" "../src/drivers/uart.c"
../src/drivers/uart.c: In function 'debug_print':
../src/drivers/uart.c:12:2: warning: implicit declaration of function 'print' [-Wimplicit-function-declaration]
  print(buff);
  ^~~~~
'Finished building: ../src/drivers/uart.c'
' '
'Building target: microblaze_stream_test.elf'
'Invoking: MicroBlaze gcc linker'
mb-gcc -Wl,-T -Wl,../src/lscript.ld -L../../microblaze_stream_test_bsp/microblaze_0/lib -mlittle-endian -mcpu=v11.0 -mxl-soft-mul -Wl,--no-relax -Wl,--gc-sections -o "microblaze_stream_test.elf"  ./src/drivers/rf.o ./src/drivers/uart.o  ./src/helloworld.o ./src/platform.o   -Wl,--start-group,-lxil,-lgcc,-lc,--end-group -Wl,--start-group,-lxil,-lmetal,-lgcc,-lc,--end-group
c:/xilinx/sdk/2019.1/gnu/microblaze/nt/bin/../lib/gcc/microblaze-xilinx-elf/8.2.0/../../../../microblaze-xilinx-elf/bin/ld.exe: ./src/helloworld.o: in function `debug_print':
C:\james\fpga_projects\microblaze_stream_test\microblaze_stream_test.sdk\microblaze_stream_test\Debug/../src/helloworld.c:305: multiple definition of `debug_print'; ./src/drivers/uart.o:C:\james\fpga_projects\microblaze_stream_test\microblaze_stream_test.sdk\microblaze_stream_test\Debug/../src/drivers/uart.c:11: first defined here
collect2.exe: error: ld returned 1 exit status
make: *** [makefile:39: microblaze_stream_test.elf] Error 1
17:07:56 **** Auto Build of configuration Debug for project microblaze_stream_test ****
make all 
'Building file: ../src/helloworld.c'
'Invoking: MicroBlaze gcc compiler'
mb-gcc -Wall -O0 -g3 -c -fmessage-length=0 -MT"src/helloworld.o" -D __BAREMETAL__ -I../../microblaze_stream_test_bsp/microblaze_0/include -mlittle-endian -mcpu=v11.0 -mxl-soft-mul -Wl,--no-relax -ffunction-sections -fdata-sections -MMD -MP -MF"src/helloworld.d" -MT"src/helloworld.o" -o "src/helloworld.o" "../src/helloworld.c"
../src/helloworld.c: In function 'main':
../src/helloworld.c:72:2: warning: implicit declaration of function 'rf_init'; did you mean 'uart_init'? [-Wimplicit-function-declaration]
  rf_init();
  ^~~~~~~
  uart_init
../src/helloworld.c: At top level:
../src/helloworld.c:59:12: warning: 'CompareFabricRate' declared 'static' but never defined [-Wunused-function]
 static int CompareFabricRate(u32 SetFabricRate, u32 GetFabricRate);
            ^~~~~~~~~~~~~~~~~
../src/helloworld.c:58:12: warning: 'SelfTestExample' declared 'static' but never defined [-Wunused-function]
 static int SelfTestExample(u16 SysMonDeviceId);
            ^~~~~~~~~~~~~~~
In file included from ../src/helloworld.c:53:
../src/drivers/rf.h:17:14: warning: 'RFdcInst' defined but not used [-Wunused-variable]
 static XRFdc RFdcInst;      /* RFdc driver instance */
              ^~~~~~~~
'Finished building: ../src/helloworld.c'
' '
'Building target: microblaze_stream_test.elf'
'Invoking: MicroBlaze gcc linker'
mb-gcc -Wl,-T -Wl,../src/lscript.ld -L../../microblaze_stream_test_bsp/microblaze_0/lib -mlittle-endian -mcpu=v11.0 -mxl-soft-mul -Wl,--no-relax -Wl,--gc-sections -o "microblaze_stream_test.elf"  ./src/drivers/rf.o ./src/drivers/uart.o  ./src/helloworld.o ./src/platform.o   -Wl,--start-group,-lxil,-lgcc,-lc,--end-group -Wl,--start-group,-lxil,-lmetal,-lgcc,-lc,--end-group
c:/xilinx/sdk/2019.1/gnu/microblaze/nt/bin/../lib/gcc/microblaze-xilinx-elf/8.2.0/../../../../microblaze-xilinx-elf/bin/ld.exe: ./src/drivers/rf.o: in function `rf_wave_test':
C:\james\fpga_projects\microblaze_stream_test\microblaze_stream_test.sdk\microblaze_stream_test\Debug/../src/drivers/rf.c:59: undefined reference to `write_sample_stream'
c:/xilinx/sdk/2019.1/gnu/microblaze/nt/bin/../lib/gcc/microblaze-xilinx-elf/8.2.0/../../../../microblaze-xilinx-elf/bin/ld.exe: C:\james\fpga_projects\microblaze_stream_test\microblaze_stream_test.sdk\microblaze_stream_test\Debug/../src/drivers/rf.c:60: undefined reference to `write_sample_stream'
c:/xilinx/sdk/2019.1/gnu/microblaze/nt/bin/../lib/gcc/microblaze-xilinx-elf/8.2.0/../../../../microblaze-xilinx-elf/bin/ld.exe: C:\james\fpga_projects\microblaze_stream_test\microblaze_stream_test.sdk\microblaze_stream_test\Debug/../src/drivers/rf.c:61: undefined reference to `write_sample_stream'
c:/xilinx/sdk/2019.1/gnu/microblaze/nt/bin/../lib/gcc/microblaze-xilinx-elf/8.2.0/../../../../microblaze-xilinx-elf/bin/ld.exe: C:\james\fpga_projects\microblaze_stream_test\microblaze_stream_test.sdk\microblaze_stream_test\Debug/../src/drivers/rf.c:62: undefined reference to `write_sample_stream'
c:/xilinx/sdk/2019.1/gnu/microblaze/nt/bin/../lib/gcc/microblaze-xilinx-elf/8.2.0/../../../../microblaze-xilinx-elf/bin/ld.exe: C:\james\fpga_projects\microblaze_stream_test\microblaze_stream_test.sdk\microblaze_stream_test\Debug/../src/drivers/rf.c:63: undefined reference to `write_sample_stream'
c:/xilinx/sdk/2019.1/gnu/microblaze/nt/bin/../lib/gcc/microblaze-xilinx-elf/8.2.0/../../../../microblaze-xilinx-elf/bin/ld.exe: ./src/drivers/rf.o:C:\james\fpga_projects\microblaze_stream_test\microblaze_stream_test.sdk\microblaze_stream_test\Debug/../src/drivers/rf.c:64: more undefined references to `write_sample_stream' follow
collect2.exe: error: ld returned 1 exit status
make: *** [makefile:39: microblaze_stream_test.elf] Error 1
17:08:30 **** Auto Build of configuration Debug for project microblaze_stream_test ****
make all 
'Building file: ../src/drivers/rf.c'
'Invoking: MicroBlaze gcc compiler'
mb-gcc -Wall -O0 -g3 -c -fmessage-length=0 -MT"src/drivers/rf.o" -D __BAREMETAL__ -I../../microblaze_stream_test_bsp/microblaze_0/include -mlittle-endian -mcpu=v11.0 -mxl-soft-mul -Wl,--no-relax -ffunction-sections -fdata-sections -MMD -MP -MF"src/drivers/rf.d" -MT"src/drivers/rf.o" -o "src/drivers/rf.o" "../src/drivers/rf.c"
../src/drivers/rf.c: In function 'gpio_init':
../src/drivers/rf.c:15:3: warning: implicit declaration of function 'debug_print'; did you mean 'xdbg_printf'? [-Wimplicit-function-declaration]
   debug_print("GPIO init success!");
   ^~~~~~~~~~~
   xdbg_printf
../src/drivers/rf.c: In function 'rf_wave_test':
../src/drivers/rf.c:42:6: warning: variable 'test_train' set but not used [-Wunused-but-set-variable]
  u16 test_train[256];
      ^~~~~~~~~~
../src/drivers/rf.c: In function 'rf_init':
../src/drivers/rf.c:121:5: warning: implicit declaration of function 'rf_self_test'; did you mean 'rf_wave_test'? [-Wimplicit-function-declaration]
  if(rf_self_test() == XRFDC_SUCCESS)
     ^~~~~~~~~~~~
     rf_wave_test
'Finished building: ../src/drivers/rf.c'
' '
'Building target: microblaze_stream_test.elf'
'Invoking: MicroBlaze gcc linker'
mb-gcc -Wl,-T -Wl,../src/lscript.ld -L../../microblaze_stream_test_bsp/microblaze_0/lib -mlittle-endian -mcpu=v11.0 -mxl-soft-mul -Wl,--no-relax -Wl,--gc-sections -o "microblaze_stream_test.elf"  ./src/drivers/rf.o ./src/drivers/uart.o  ./src/helloworld.o ./src/platform.o   -Wl,--start-group,-lxil,-lgcc,-lc,--end-group -Wl,--start-group,-lxil,-lmetal,-lgcc,-lc,--end-group
'Finished building target: microblaze_stream_test.elf'
' '
'Invoking: MicroBlaze Print Size'
mb-size microblaze_stream_test.elf  |tee "microblaze_stream_test.elf.size"
   text	   data	    bss	    dec	    hex	filename
  73018	   3376	   9958	  86352	  15150	microblaze_stream_test.elf
'Finished building: microblaze_stream_test.elf.size'
' '
17:08:43 **** Incremental Build of configuration Debug for project microblaze_stream_test ****
make all 
make: Nothing to be done for 'all'.
17:09:10 **** Auto Build of configuration Debug for project microblaze_stream_test ****
make all 
'Building file: ../src/drivers/rf.c'
'Invoking: MicroBlaze gcc compiler'
mb-gcc -Wall -O0 -g3 -c -fmessage-length=0 -MT"src/drivers/rf.o" -D __BAREMETAL__ -I../../microblaze_stream_test_bsp/microblaze_0/include -mlittle-endian -mcpu=v11.0 -mxl-soft-mul -Wl,--no-relax -ffunction-sections -fdata-sections -MMD -MP -MF"src/drivers/rf.d" -MT"src/drivers/rf.o" -o "src/drivers/rf.o" "../src/drivers/rf.c"
../src/drivers/rf.c: In function 'gpio_init':
../src/drivers/rf.c:15:3: warning: implicit declaration of function 'debug_print'; did you mean 'xdbg_printf'? [-Wimplicit-function-declaration]
   debug_print("GPIO init success!");
   ^~~~~~~~~~~
   xdbg_printf
../src/drivers/rf.c: In function 'rf_wave_test':
../src/drivers/rf.c:42:6: warning: variable 'test_train' set but not used [-Wunused-but-set-variable]
  u16 test_train[256];
      ^~~~~~~~~~
../src/drivers/rf.c: In function 'rf_init':
../src/drivers/rf.c:123:5: warning: implicit declaration of function 'rf_self_test'; did you mean 'rf_wave_test'? [-Wimplicit-function-declaration]
  if(rf_self_test() == XRFDC_SUCCESS)
     ^~~~~~~~~~~~
     rf_wave_test
'Finished building: ../src/drivers/rf.c'
' '
'Building target: microblaze_stream_test.elf'
'Invoking: MicroBlaze gcc linker'
mb-gcc -Wl,-T -Wl,../src/lscript.ld -L../../microblaze_stream_test_bsp/microblaze_0/lib -mlittle-endian -mcpu=v11.0 -mxl-soft-mul -Wl,--no-relax -Wl,--gc-sections -o "microblaze_stream_test.elf"  ./src/drivers/rf.o ./src/drivers/uart.o  ./src/helloworld.o ./src/platform.o   -Wl,--start-group,-lxil,-lgcc,-lc,--end-group -Wl,--start-group,-lxil,-lmetal,-lgcc,-lc,--end-group
'Finished building target: microblaze_stream_test.elf'
' '
'Invoking: MicroBlaze Print Size'
mb-size microblaze_stream_test.elf  |tee "microblaze_stream_test.elf.size"
   text	   data	    bss	    dec	    hex	filename
  73066	   3376	   9958	  86400	  15180	microblaze_stream_test.elf
'Finished building: microblaze_stream_test.elf.size'
' '
17:09:14 **** Incremental Build of configuration Debug for project microblaze_stream_test ****
make all 
make: Nothing to be done for 'all'.
17:25:56 **** Auto Build of project microblaze_stream_test_bsp ****
make -k all 
"Running Make include in microblaze_0/libsrc/bram_v4_3/src"
make -C microblaze_0/libsrc/bram_v4_3/src -s include  "SHELL=CMD" "COMPILER=mb-gcc" "ARCHIVER=mb-ar" "COMPILER_FLAGS=  -O2 -c -mcpu=v11.0 -mlittle-endian -mxl-soft-mul" "EXTRA_COMPILER_FLAGS=-ffunction-sections -fdata-sections -Wall -Wextra"
"Running Make include in microblaze_0/libsrc/cpu_v2_9/src"
make -C microblaze_0/libsrc/cpu_v2_9/src -s include  "SHELL=CMD" "COMPILER=mb-gcc" "ARCHIVER=mb-ar" "COMPILER_FLAGS=  -O2 -c -mcpu=v11.0 -mlittle-endian -mxl-soft-mul" "EXTRA_COMPILER_FLAGS=-ffunction-sections -fdata-sections -Wall -Wextra"
"Running Make include in microblaze_0/libsrc/gpio_v4_4/src"
make -C microblaze_0/libsrc/gpio_v4_4/src -s include  "SHELL=CMD" "COMPILER=mb-gcc" "ARCHIVER=mb-ar" "COMPILER_FLAGS=  -O2 -c -mcpu=v11.0 -mlittle-endian -mxl-soft-mul" "EXTRA_COMPILER_FLAGS=-ffunction-sections -fdata-sections -Wall -Wextra"
"Running Make include in microblaze_0/libsrc/libmetal_v2_0/src"
make -C microblaze_0/libsrc/libmetal_v2_0/src -s include  "SHELL=CMD" "COMPILER=mb-gcc" "ARCHIVER=mb-ar" "COMPILER_FLAGS=  -O2 -c -mcpu=v11.0 -mlittle-endian -mxl-soft-mul" "EXTRA_COMPILER_FLAGS=-ffunction-sections -fdata-sections -Wall -Wextra"
"Running Make include in microblaze_0/libsrc/rfdc_v6_0/src"
make -C microblaze_0/libsrc/rfdc_v6_0/src -s include  "SHELL=CMD" "COMPILER=mb-gcc" "ARCHIVER=mb-ar" "COMPILER_FLAGS=  -O2 -c -mcpu=v11.0 -mlittle-endian -mxl-soft-mul" "EXTRA_COMPILER_FLAGS=-ffunction-sections -fdata-sections -Wall -Wextra"
"Running Make include in microblaze_0/libsrc/standalone_v7_0/src"
make -C microblaze_0/libsrc/standalone_v7_0/src -s include  "SHELL=CMD" "COMPILER=mb-gcc" "ARCHIVER=mb-ar" "COMPILER_FLAGS=  -O2 -c -mcpu=v11.0 -mlittle-endian -mxl-soft-mul" "EXTRA_COMPILER_FLAGS=-ffunction-sections -fdata-sections -Wall -Wextra"
"Running Make include in microblaze_0/libsrc/uartlite_v3_2/src"
make -C microblaze_0/libsrc/uartlite_v3_2/src -s include  "SHELL=CMD" "COMPILER=mb-gcc" "ARCHIVER=mb-ar" "COMPILER_FLAGS=  -O2 -c -mcpu=v11.0 -mlittle-endian -mxl-soft-mul" "EXTRA_COMPILER_FLAGS=-ffunction-sections -fdata-sections -Wall -Wextra"
"Running Make libs in microblaze_0/libsrc/bram_v4_3/src"
make -C microblaze_0/libsrc/bram_v4_3/src -s libs  "SHELL=CMD" "COMPILER=mb-gcc" "ARCHIVER=mb-ar" "COMPILER_FLAGS=  -O2 -c -mcpu=v11.0 -mlittle-endian -mxl-soft-mul" "EXTRA_COMPILER_FLAGS=-ffunction-sections -fdata-sections -Wall -Wextra"
"Compiling bram"
mb-ar: creating ../../../lib/libxil.a
"Running Make libs in microblaze_0/libsrc/cpu_v2_9/src"
make -C microblaze_0/libsrc/cpu_v2_9/src -s libs  "SHELL=CMD" "COMPILER=mb-gcc" "ARCHIVER=mb-ar" "COMPILER_FLAGS=  -O2 -c -mcpu=v11.0 -mlittle-endian -mxl-soft-mul" "EXTRA_COMPILER_FLAGS=-ffunction-sections -fdata-sections -Wall -Wextra"
"Compiling cpu"
"Running Make libs in microblaze_0/libsrc/gpio_v4_4/src"
make -C microblaze_0/libsrc/gpio_v4_4/src -s libs  "SHELL=CMD" "COMPILER=mb-gcc" "ARCHIVER=mb-ar" "COMPILER_FLAGS=  -O2 -c -mcpu=v11.0 -mlittle-endian -mxl-soft-mul" "EXTRA_COMPILER_FLAGS=-ffunction-sections -fdata-sections -Wall -Wextra"
"Compiling gpio"
"Running Make libs in microblaze_0/libsrc/libmetal_v2_0/src"
make -C microblaze_0/libsrc/libmetal_v2_0/src -s libs  "SHELL=CMD" "COMPILER=mb-gcc" "ARCHIVER=mb-ar" "COMPILER_FLAGS=  -O2 -c -mcpu=v11.0 -mlittle-endian -mxl-soft-mul" "EXTRA_COMPILER_FLAGS=-ffunction-sections -fdata-sections -Wall -Wextra"
Scanning dependencies of target metal-static
[  5%] Building C object lib/CMakeFiles/metal-static.dir/dma.c.obj
[ 10%] Building C object lib/CMakeFiles/metal-static.dir/device.c.obj
[ 15%] Building C object lib/CMakeFiles/metal-static.dir/init.c.obj
[ 21%] Building C object lib/CMakeFiles/metal-static.dir/io.c.obj
[ 26%] Building C object lib/CMakeFiles/metal-static.dir/irq.c.obj
[ 31%] Building C object lib/CMakeFiles/metal-static.dir/log.c.obj
[ 36%] Building C object lib/CMakeFiles/metal-static.dir/shmem.c.obj
[ 42%] Building C object lib/CMakeFiles/metal-static.dir/shmem-provider.c.obj
[ 47%] Building C object lib/CMakeFiles/metal-static.dir/softirq.c.obj
[ 52%] Building C object lib/CMakeFiles/metal-static.dir/version.c.obj
[ 57%] Building C object lib/CMakeFiles/metal-static.dir/system/generic/condition.c.obj
[ 63%] Building C object lib/CMakeFiles/metal-static.dir/system/generic/device.c.obj
[ 68%] Building C object lib/CMakeFiles/metal-static.dir/system/generic/init.c.obj
[ 73%] Building C object lib/CMakeFiles/metal-static.dir/system/generic/io.c.obj
[ 78%] Building C object lib/CMakeFiles/metal-static.dir/system/generic/irq.c.obj
[ 84%] Building C object lib/CMakeFiles/metal-static.dir/system/generic/time.c.obj
[ 89%] Building C object lib/CMakeFiles/metal-static.dir/system/generic/microblaze_generic/sys.c.obj
[ 94%] Building C object lib/CMakeFiles/metal-static.dir/system/generic/xlnx_common/irq.c.obj
[100%] Linking C static library libmetal.a
C:/Xilinx/SDK/2019.1/gnu/microblaze/nt/bin/mb-ar.exe cq libmetal.a  CMakeFiles/metal-static.dir/dma.c.obj CMakeFiles/metal-static.dir/device.c.obj CMakeFiles/metal-static.dir/init.c.obj CMakeFiles/metal-static.dir/io.c.obj CMakeFiles/metal-static.dir/irq.c.obj CMakeFiles/metal-static.dir/log.c.obj CMakeFiles/metal-static.dir/shmem.c.obj CMakeFiles/metal-static.dir/shmem-provider.c.obj CMakeFiles/metal-static.dir/softirq.c.obj CMakeFiles/metal-static.dir/version.c.obj CMakeFiles/metal-static.dir/system/generic/condition.c.obj CMakeFiles/metal-static.dir/system/generic/device.c.obj CMakeFiles/metal-static.dir/system/generic/init.c.obj CMakeFiles/metal-static.dir/system/generic/io.c.obj CMakeFiles/metal-static.dir/system/generic/irq.c.obj CMakeFiles/metal-static.dir/system/generic/time.c.obj CMakeFiles/metal-static.dir/system/generic/microblaze_generic/sys.c.obj CMakeFiles/metal-static.dir/system/generic/xlnx_common/irq.c.obj
C:/Xilinx/SDK/2019.1/gnu/microblaze/nt/bin/mb-ranlib.exe libmetal.a
[100%] Built target metal-static
Install the project...
-- Install configuration: "Debug"
-- Installing: ../../../include/metal/alloc.h
-- Installing: ../../../include/metal/assert.h
-- Installing: ../../../include/metal/atomic.h
-- Installing: ../../../include/metal/cache.h
-- Installing: ../../../include/metal/compiler.h
-- Installing: ../../../include/metal/condition.h
-- Installing: ../../../include/metal/config.h
-- Installing: ../../../include/metal/cpu.h
-- Installing: ../../../include/metal/device.h
-- Installing: ../../../include/metal/dma.h
-- Installing: ../../../include/metal/io.h
-- Installing: ../../../include/metal/irq.h
-- Installing: ../../../include/metal/irq_controller.h
-- Installing: ../../../include/metal/list.h
-- Installing: ../../../include/metal/log.h
-- Installing: ../../../include/metal/mutex.h
-- Installing: ../../../include/metal/scatterlist.h
-- Installing: ../../../include/metal/shmem.h
-- Installing: ../../../include/metal/shmem-provider.h
-- Installing: ../../../include/metal/sleep.h
-- Installing: ../../../include/metal/softirq.h
-- Installing: ../../../include/metal/spinlock.h
-- Installing: ../../../include/metal/sys.h
-- Installing: ../../../include/metal/time.h
-- Installing: ../../../include/metal/utilities.h
-- Installing: ../../../include/metal/version.h
-- Installing: ../../../include/metal/compiler/gcc/atomic.h
-- Installing: ../../../include/metal/compiler/gcc/compiler.h
-- Installing: ../../../include/metal/compiler/iar/compiler.h
-- Installing: ../../../include/metal/processor/microblaze/atomic.h
-- Installing: ../../../include/metal/processor/microblaze/cpu.h
-- Installing: ../../../include/metal/system/generic/alloc.h
-- Installing: ../../../include/metal/system/generic/assert.h
-- Installing: ../../../include/metal/system/generic/cache.h
-- Installing: ../../../include/metal/system/generic/condition.h
-- Installing: ../../../include/metal/system/generic/io.h
-- Installing: ../../../include/metal/system/generic/irq.h
-- Installing: ../../../include/metal/system/generic/log.h
-- Installing: ../../../include/metal/system/generic/mutex.h
-- Installing: ../../../include/metal/system/generic/sleep.h
-- Installing: ../../../include/metal/system/generic/sys.h
-- Installing: ../../../include/metal/system/generic/microblaze_generic/sys.h
-- Installing: ../../../include/metal/system/generic/xlnx_common/sys.h
-- Installing: ../../../lib/libmetal.a
"Running Make libs in microblaze_0/libsrc/rfdc_v6_0/src"
make -C microblaze_0/libsrc/rfdc_v6_0/src -s libs  "SHELL=CMD" "COMPILER=mb-gcc" "ARCHIVER=mb-ar" "COMPILER_FLAGS=  -O2 -c -mcpu=v11.0 -mlittle-endian -mxl-soft-mul" "EXTRA_COMPILER_FLAGS=-ffunction-sections -fdata-sections -Wall -Wextra"
"Compiling rfdc"
"Running Make libs in microblaze_0/libsrc/standalone_v7_0/src"
make -C microblaze_0/libsrc/standalone_v7_0/src -s libs  "SHELL=CMD" "COMPILER=mb-gcc" "ARCHIVER=mb-ar" "COMPILER_FLAGS=  -O2 -c -mcpu=v11.0 -mlittle-endian -mxl-soft-mul" "EXTRA_COMPILER_FLAGS=-ffunction-sections -fdata-sections -Wall -Wextra"
"Compiling standalone";
microblaze_sleep.c:77:9: note: #pragma message: For the sleep routines, assembly instructions are used
 #pragma message ("For the sleep routines, assembly instructions are used")
         ^~~~~~~
"Running Make libs in microblaze_0/libsrc/uartlite_v3_2/src"
make -C microblaze_0/libsrc/uartlite_v3_2/src -s libs  "SHELL=CMD" "COMPILER=mb-gcc" "ARCHIVER=mb-ar" "COMPILER_FLAGS=  -O2 -c -mcpu=v11.0 -mlittle-endian -mxl-soft-mul" "EXTRA_COMPILER_FLAGS=-ffunction-sections -fdata-sections -Wall -Wextra"
"Compiling uartlite"
'Finished building libraries'
17:26:23 **** Auto Build of configuration Debug for project microblaze_stream_test ****
make all 
'Building file: ../src/drivers/rf.c'
'Invoking: MicroBlaze gcc compiler'
mb-gcc -Wall -O0 -g3 -c -fmessage-length=0 -MT"src/drivers/rf.o" -D __BAREMETAL__ -I../../microblaze_stream_test_bsp/microblaze_0/include -mlittle-endian -mcpu=v11.0 -mxl-soft-mul -Wl,--no-relax -ffunction-sections -fdata-sections -MMD -MP -MF"src/drivers/rf.d" -MT"src/drivers/rf.o" -o "src/drivers/rf.o" "../src/drivers/rf.c"
../src/drivers/rf.c: In function 'gpio_init':
../src/drivers/rf.c:15:3: warning: implicit declaration of function 'debug_print'; did you mean 'xdbg_printf'? [-Wimplicit-function-declaration]
   debug_print("GPIO init success!");
   ^~~~~~~~~~~
   xdbg_printf
../src/drivers/rf.c: In function 'rf_wave_test':
../src/drivers/rf.c:42:6: warning: variable 'test_train' set but not used [-Wunused-but-set-variable]
  u16 test_train[256];
      ^~~~~~~~~~
../src/drivers/rf.c: In function 'rf_init':
../src/drivers/rf.c:123:5: warning: implicit declaration of function 'rf_self_test'; did you mean 'rf_wave_test'? [-Wimplicit-function-declaration]
  if(rf_self_test() == XRFDC_SUCCESS)
     ^~~~~~~~~~~~
     rf_wave_test
'Finished building: ../src/drivers/rf.c'
' '
'Building file: ../src/drivers/uart.c'
'Invoking: MicroBlaze gcc compiler'
mb-gcc -Wall -O0 -g3 -c -fmessage-length=0 -MT"src/drivers/uart.o" -D __BAREMETAL__ -I../../microblaze_stream_test_bsp/microblaze_0/include -mlittle-endian -mcpu=v11.0 -mxl-soft-mul -Wl,--no-relax -ffunction-sections -fdata-sections -MMD -MP -MF"src/drivers/uart.d" -MT"src/drivers/uart.o" -o "src/drivers/uart.o" "../src/drivers/uart.c"
../src/drivers/uart.c: In function 'debug_print':
../src/drivers/uart.c:12:2: warning: implicit declaration of function 'print' [-Wimplicit-function-declaration]
  print(buff);
  ^~~~~
'Finished building: ../src/drivers/uart.c'
' '
'Building file: ../src/helloworld.c'
'Invoking: MicroBlaze gcc compiler'
mb-gcc -Wall -O0 -g3 -c -fmessage-length=0 -MT"src/helloworld.o" -D __BAREMETAL__ -I../../microblaze_stream_test_bsp/microblaze_0/include -mlittle-endian -mcpu=v11.0 -mxl-soft-mul -Wl,--no-relax -ffunction-sections -fdata-sections -MMD -MP -MF"src/helloworld.d" -MT"src/helloworld.o" -o "src/helloworld.o" "../src/helloworld.c"
../src/helloworld.c: In function 'main':
../src/helloworld.c:72:2: warning: implicit declaration of function 'rf_init'; did you mean 'uart_init'? [-Wimplicit-function-declaration]
  rf_init();
  ^~~~~~~
  uart_init
../src/helloworld.c: At top level:
../src/helloworld.c:59:12: warning: 'CompareFabricRate' declared 'static' but never defined [-Wunused-function]
 static int CompareFabricRate(u32 SetFabricRate, u32 GetFabricRate);
            ^~~~~~~~~~~~~~~~~
../src/helloworld.c:58:12: warning: 'SelfTestExample' declared 'static' but never defined [-Wunused-function]
 static int SelfTestExample(u16 SysMonDeviceId);
            ^~~~~~~~~~~~~~~
In file included from ../src/helloworld.c:53:
../src/drivers/rf.h:17:14: warning: 'RFdcInst' defined but not used [-Wunused-variable]
 static XRFdc RFdcInst;      /* RFdc driver instance */
              ^~~~~~~~
'Finished building: ../src/helloworld.c'
' '
'Building file: ../src/platform.c'
'Invoking: MicroBlaze gcc compiler'
mb-gcc -Wall -O0 -g3 -c -fmessage-length=0 -MT"src/platform.o" -D __BAREMETAL__ -I../../microblaze_stream_test_bsp/microblaze_0/include -mlittle-endian -mcpu=v11.0 -mxl-soft-mul -Wl,--no-relax -ffunction-sections -fdata-sections -MMD -MP -MF"src/platform.d" -MT"src/platform.o" -o "src/platform.o" "../src/platform.c"
'Finished building: ../src/platform.c'
' '
'Building target: microblaze_stream_test.elf'
'Invoking: MicroBlaze gcc linker'
mb-gcc -Wl,-T -Wl,../src/lscript.ld -L../../microblaze_stream_test_bsp/microblaze_0/lib -mlittle-endian -mcpu=v11.0 -mxl-soft-mul -Wl,--no-relax -Wl,--gc-sections -o "microblaze_stream_test.elf"  ./src/drivers/rf.o ./src/drivers/uart.o  ./src/helloworld.o ./src/platform.o   -Wl,--start-group,-lxil,-lgcc,-lc,--end-group -Wl,--start-group,-lxil,-lmetal,-lgcc,-lc,--end-group
'Finished building target: microblaze_stream_test.elf'
' '
'Invoking: MicroBlaze Print Size'
mb-size microblaze_stream_test.elf  |tee "microblaze_stream_test.elf.size"
   text	   data	    bss	    dec	    hex	filename
  73066	   3376	   9958	  86400	  15180	microblaze_stream_test.elf
'Finished building: microblaze_stream_test.elf.size'
' '
17:26:46 **** Incremental Build of configuration Debug for project microblaze_stream_test ****
make all 
make: Nothing to be done for 'all'.
17:28:13 **** Incremental Build of configuration Debug for project microblaze_stream_test ****
make all 
make: Nothing to be done for 'all'.
17:29:37 **** Auto Build of configuration Debug for project microblaze_stream_test ****
make all 
'Building file: ../src/drivers/rf.c'
'Invoking: MicroBlaze gcc compiler'
mb-gcc -Wall -O0 -g3 -c -fmessage-length=0 -MT"src/drivers/rf.o" -D __BAREMETAL__ -I../../microblaze_stream_test_bsp/microblaze_0/include -mlittle-endian -mcpu=v11.0 -mxl-soft-mul -Wl,--no-relax -ffunction-sections -fdata-sections -MMD -MP -MF"src/drivers/rf.d" -MT"src/drivers/rf.o" -o "src/drivers/rf.o" "../src/drivers/rf.c"
../src/drivers/rf.c: In function 'gpio_init':
../src/drivers/rf.c:15:3: warning: implicit declaration of function 'debug_print'; did you mean 'xdbg_printf'? [-Wimplicit-function-declaration]
   debug_print("GPIO init success!");
   ^~~~~~~~~~~
   xdbg_printf
../src/drivers/rf.c: In function 'rf_wave_test':
../src/drivers/rf.c:42:6: warning: variable 'test_train' set but not used [-Wunused-but-set-variable]
  u16 test_train[256];
      ^~~~~~~~~~
../src/drivers/rf.c: In function 'rf_init':
../src/drivers/rf.c:125:5: warning: implicit declaration of function 'rf_self_test'; did you mean 'rf_wave_test'? [-Wimplicit-function-declaration]
  if(rf_self_test() == XRFDC_SUCCESS)
     ^~~~~~~~~~~~
     rf_wave_test
'Finished building: ../src/drivers/rf.c'
' '
'Building target: microblaze_stream_test.elf'
'Invoking: MicroBlaze gcc linker'
mb-gcc -Wl,-T -Wl,../src/lscript.ld -L../../microblaze_stream_test_bsp/microblaze_0/lib -mlittle-endian -mcpu=v11.0 -mxl-soft-mul -Wl,--no-relax -Wl,--gc-sections -o "microblaze_stream_test.elf"  ./src/drivers/rf.o ./src/drivers/uart.o  ./src/helloworld.o ./src/platform.o   -Wl,--start-group,-lxil,-lgcc,-lc,--end-group -Wl,--start-group,-lxil,-lmetal,-lgcc,-lc,--end-group
'Finished building target: microblaze_stream_test.elf'
' '
'Invoking: MicroBlaze Print Size'
mb-size microblaze_stream_test.elf  |tee "microblaze_stream_test.elf.size"
   text	   data	    bss	    dec	    hex	filename
  73102	   3376	   9954	  86432	  151a0	microblaze_stream_test.elf
'Finished building: microblaze_stream_test.elf.size'
' '
17:29:42 **** Incremental Build of configuration Debug for project microblaze_stream_test ****
make all 
make: Nothing to be done for 'all'.
17:30:37 **** Auto Build of configuration Debug for project microblaze_stream_test ****
make all 
'Building file: ../src/drivers/rf.c'
'Invoking: MicroBlaze gcc compiler'
mb-gcc -Wall -O0 -g3 -c -fmessage-length=0 -MT"src/drivers/rf.o" -D __BAREMETAL__ -I../../microblaze_stream_test_bsp/microblaze_0/include -mlittle-endian -mcpu=v11.0 -mxl-soft-mul -Wl,--no-relax -ffunction-sections -fdata-sections -MMD -MP -MF"src/drivers/rf.d" -MT"src/drivers/rf.o" -o "src/drivers/rf.o" "../src/drivers/rf.c"
../src/drivers/rf.c: In function 'gpio_init':
../src/drivers/rf.c:15:3: warning: implicit declaration of function 'debug_print'; did you mean 'xdbg_printf'? [-Wimplicit-function-declaration]
   debug_print("GPIO init success!");
   ^~~~~~~~~~~
   xdbg_printf
../src/drivers/rf.c: In function 'rf_wave_test':
../src/drivers/rf.c:42:6: warning: variable 'test_train' set but not used [-Wunused-but-set-variable]
  u16 test_train[256];
      ^~~~~~~~~~
../src/drivers/rf.c: In function 'rf_init':
../src/drivers/rf.c:125:5: warning: implicit declaration of function 'rf_self_test'; did you mean 'rf_wave_test'? [-Wimplicit-function-declaration]
  if(rf_self_test() == XRFDC_SUCCESS)
     ^~~~~~~~~~~~
     rf_wave_test
'Finished building: ../src/drivers/rf.c'
' '
'Building target: microblaze_stream_test.elf'
'Invoking: MicroBlaze gcc linker'
mb-gcc -Wl,-T -Wl,../src/lscript.ld -L../../microblaze_stream_test_bsp/microblaze_0/lib -mlittle-endian -mcpu=v11.0 -mxl-soft-mul -Wl,--no-relax -Wl,--gc-sections -o "microblaze_stream_test.elf"  ./src/drivers/rf.o ./src/drivers/uart.o  ./src/helloworld.o ./src/platform.o   -Wl,--start-group,-lxil,-lgcc,-lc,--end-group -Wl,--start-group,-lxil,-lmetal,-lgcc,-lc,--end-group
'Finished building target: microblaze_stream_test.elf'
' '
'Invoking: MicroBlaze Print Size'
mb-size microblaze_stream_test.elf  |tee "microblaze_stream_test.elf.size"
   text	   data	    bss	    dec	    hex	filename
  73094	   3376	   9954	  86424	  15198	microblaze_stream_test.elf
'Finished building: microblaze_stream_test.elf.size'
' '
17:30:40 **** Incremental Build of configuration Debug for project microblaze_stream_test ****
make all 
make: Nothing to be done for 'all'.
17:31:30 **** Auto Build of configuration Debug for project microblaze_stream_test ****
make all 
'Building file: ../src/drivers/rf.c'
'Invoking: MicroBlaze gcc compiler'
mb-gcc -Wall -O0 -g3 -c -fmessage-length=0 -MT"src/drivers/rf.o" -D __BAREMETAL__ -I../../microblaze_stream_test_bsp/microblaze_0/include -mlittle-endian -mcpu=v11.0 -mxl-soft-mul -Wl,--no-relax -ffunction-sections -fdata-sections -MMD -MP -MF"src/drivers/rf.d" -MT"src/drivers/rf.o" -o "src/drivers/rf.o" "../src/drivers/rf.c"
../src/drivers/rf.c: In function 'gpio_init':
../src/drivers/rf.c:15:3: warning: implicit declaration of function 'debug_print'; did you mean 'xdbg_printf'? [-Wimplicit-function-declaration]
   debug_print("GPIO init success!");
   ^~~~~~~~~~~
   xdbg_printf
../src/drivers/rf.c: In function 'rf_wave_test':
../src/drivers/rf.c:42:6: warning: variable 'test_train' set but not used [-Wunused-but-set-variable]
  u16 test_train[256];
      ^~~~~~~~~~
../src/drivers/rf.c: In function 'rf_init':
../src/drivers/rf.c:123:5: warning: implicit declaration of function 'rf_self_test'; did you mean 'rf_wave_test'? [-Wimplicit-function-declaration]
  if(rf_self_test() == XRFDC_SUCCESS)
     ^~~~~~~~~~~~
     rf_wave_test
'Finished building: ../src/drivers/rf.c'
' '
'Building target: microblaze_stream_test.elf'
'Invoking: MicroBlaze gcc linker'
mb-gcc -Wl,-T -Wl,../src/lscript.ld -L../../microblaze_stream_test_bsp/microblaze_0/lib -mlittle-endian -mcpu=v11.0 -mxl-soft-mul -Wl,--no-relax -Wl,--gc-sections -o "microblaze_stream_test.elf"  ./src/drivers/rf.o ./src/drivers/uart.o  ./src/helloworld.o ./src/platform.o   -Wl,--start-group,-lxil,-lgcc,-lc,--end-group -Wl,--start-group,-lxil,-lmetal,-lgcc,-lc,--end-group
'Finished building target: microblaze_stream_test.elf'
' '
'Invoking: MicroBlaze Print Size'
mb-size microblaze_stream_test.elf  |tee "microblaze_stream_test.elf.size"
   text	   data	    bss	    dec	    hex	filename
  73018	   3376	   9958	  86352	  15150	microblaze_stream_test.elf
'Finished building: microblaze_stream_test.elf.size'
' '
17:31:35 **** Incremental Build of configuration Debug for project microblaze_stream_test ****
make all 
make: Nothing to be done for 'all'.
17:46:45 **** Incremental Build of configuration Debug for project microblaze_stream_test ****
make all 
make: Nothing to be done for 'all'.
17:48:57 **** Auto Build of project microblaze_stream_test_bsp ****
make -k all 
"Running Make include in microblaze_0/libsrc/bram_v4_3/src"
make -C microblaze_0/libsrc/bram_v4_3/src -s include  "SHELL=CMD" "COMPILER=mb-gcc" "ARCHIVER=mb-ar" "COMPILER_FLAGS=  -O2 -c -mcpu=v11.0 -mlittle-endian -mxl-soft-mul" "EXTRA_COMPILER_FLAGS=-ffunction-sections -fdata-sections -Wall -Wextra"
"Running Make include in microblaze_0/libsrc/cpu_v2_9/src"
make -C microblaze_0/libsrc/cpu_v2_9/src -s include  "SHELL=CMD" "COMPILER=mb-gcc" "ARCHIVER=mb-ar" "COMPILER_FLAGS=  -O2 -c -mcpu=v11.0 -mlittle-endian -mxl-soft-mul" "EXTRA_COMPILER_FLAGS=-ffunction-sections -fdata-sections -Wall -Wextra"
"Running Make include in microblaze_0/libsrc/gpio_v4_4/src"
make -C microblaze_0/libsrc/gpio_v4_4/src -s include  "SHELL=CMD" "COMPILER=mb-gcc" "ARCHIVER=mb-ar" "COMPILER_FLAGS=  -O2 -c -mcpu=v11.0 -mlittle-endian -mxl-soft-mul" "EXTRA_COMPILER_FLAGS=-ffunction-sections -fdata-sections -Wall -Wextra"
"Running Make include in microblaze_0/libsrc/libmetal_v2_0/src"
make -C microblaze_0/libsrc/libmetal_v2_0/src -s include  "SHELL=CMD" "COMPILER=mb-gcc" "ARCHIVER=mb-ar" "COMPILER_FLAGS=  -O2 -c -mcpu=v11.0 -mlittle-endian -mxl-soft-mul" "EXTRA_COMPILER_FLAGS=-ffunction-sections -fdata-sections -Wall -Wextra"
"Running Make include in microblaze_0/libsrc/rfdc_v6_0/src"
make -C microblaze_0/libsrc/rfdc_v6_0/src -s include  "SHELL=CMD" "COMPILER=mb-gcc" "ARCHIVER=mb-ar" "COMPILER_FLAGS=  -O2 -c -mcpu=v11.0 -mlittle-endian -mxl-soft-mul" "EXTRA_COMPILER_FLAGS=-ffunction-sections -fdata-sections -Wall -Wextra"
"Running Make include in microblaze_0/libsrc/standalone_v7_0/src"
make -C microblaze_0/libsrc/standalone_v7_0/src -s include  "SHELL=CMD" "COMPILER=mb-gcc" "ARCHIVER=mb-ar" "COMPILER_FLAGS=  -O2 -c -mcpu=v11.0 -mlittle-endian -mxl-soft-mul" "EXTRA_COMPILER_FLAGS=-ffunction-sections -fdata-sections -Wall -Wextra"
"Running Make include in microblaze_0/libsrc/uartlite_v3_2/src"
make -C microblaze_0/libsrc/uartlite_v3_2/src -s include  "SHELL=CMD" "COMPILER=mb-gcc" "ARCHIVER=mb-ar" "COMPILER_FLAGS=  -O2 -c -mcpu=v11.0 -mlittle-endian -mxl-soft-mul" "EXTRA_COMPILER_FLAGS=-ffunction-sections -fdata-sections -Wall -Wextra"
"Running Make libs in microblaze_0/libsrc/bram_v4_3/src"
make -C microblaze_0/libsrc/bram_v4_3/src -s libs  "SHELL=CMD" "COMPILER=mb-gcc" "ARCHIVER=mb-ar" "COMPILER_FLAGS=  -O2 -c -mcpu=v11.0 -mlittle-endian -mxl-soft-mul" "EXTRA_COMPILER_FLAGS=-ffunction-sections -fdata-sections -Wall -Wextra"
"Compiling bram"
mb-ar: creating ../../../lib/libxil.a
"Running Make libs in microblaze_0/libsrc/cpu_v2_9/src"
make -C microblaze_0/libsrc/cpu_v2_9/src -s libs  "SHELL=CMD" "COMPILER=mb-gcc" "ARCHIVER=mb-ar" "COMPILER_FLAGS=  -O2 -c -mcpu=v11.0 -mlittle-endian -mxl-soft-mul" "EXTRA_COMPILER_FLAGS=-ffunction-sections -fdata-sections -Wall -Wextra"
"Compiling cpu"
"Running Make libs in microblaze_0/libsrc/gpio_v4_4/src"
make -C microblaze_0/libsrc/gpio_v4_4/src -s libs  "SHELL=CMD" "COMPILER=mb-gcc" "ARCHIVER=mb-ar" "COMPILER_FLAGS=  -O2 -c -mcpu=v11.0 -mlittle-endian -mxl-soft-mul" "EXTRA_COMPILER_FLAGS=-ffunction-sections -fdata-sections -Wall -Wextra"
"Compiling gpio"
"Running Make libs in microblaze_0/libsrc/libmetal_v2_0/src"
make -C microblaze_0/libsrc/libmetal_v2_0/src -s libs  "SHELL=CMD" "COMPILER=mb-gcc" "ARCHIVER=mb-ar" "COMPILER_FLAGS=  -O2 -c -mcpu=v11.0 -mlittle-endian -mxl-soft-mul" "EXTRA_COMPILER_FLAGS=-ffunction-sections -fdata-sections -Wall -Wextra"
Scanning dependencies of target metal-static
[  5%] Building C object lib/CMakeFiles/metal-static.dir/dma.c.obj
[ 10%] Building C object lib/CMakeFiles/metal-static.dir/device.c.obj
[ 15%] Building C object lib/CMakeFiles/metal-static.dir/init.c.obj
[ 21%] Building C object lib/CMakeFiles/metal-static.dir/io.c.obj
[ 26%] Building C object lib/CMakeFiles/metal-static.dir/irq.c.obj
[ 31%] Building C object lib/CMakeFiles/metal-static.dir/log.c.obj
[ 36%] Building C object lib/CMakeFiles/metal-static.dir/shmem.c.obj
[ 42%] Building C object lib/CMakeFiles/metal-static.dir/shmem-provider.c.obj
[ 47%] Building C object lib/CMakeFiles/metal-static.dir/softirq.c.obj
[ 52%] Building C object lib/CMakeFiles/metal-static.dir/version.c.obj
[ 57%] Building C object lib/CMakeFiles/metal-static.dir/system/generic/condition.c.obj
[ 63%] Building C object lib/CMakeFiles/metal-static.dir/system/generic/device.c.obj
[ 68%] Building C object lib/CMakeFiles/metal-static.dir/system/generic/init.c.obj
[ 73%] Building C object lib/CMakeFiles/metal-static.dir/system/generic/io.c.obj
[ 78%] Building C object lib/CMakeFiles/metal-static.dir/system/generic/irq.c.obj
[ 84%] Building C object lib/CMakeFiles/metal-static.dir/system/generic/time.c.obj
[ 89%] Building C object lib/CMakeFiles/metal-static.dir/system/generic/microblaze_generic/sys.c.obj
[ 94%] Building C object lib/CMakeFiles/metal-static.dir/system/generic/xlnx_common/irq.c.obj
[100%] Linking C static library libmetal.a
C:/Xilinx/SDK/2019.1/gnu/microblaze/nt/bin/mb-ar.exe cq libmetal.a  CMakeFiles/metal-static.dir/dma.c.obj CMakeFiles/metal-static.dir/device.c.obj CMakeFiles/metal-static.dir/init.c.obj CMakeFiles/metal-static.dir/io.c.obj CMakeFiles/metal-static.dir/irq.c.obj CMakeFiles/metal-static.dir/log.c.obj CMakeFiles/metal-static.dir/shmem.c.obj CMakeFiles/metal-static.dir/shmem-provider.c.obj CMakeFiles/metal-static.dir/softirq.c.obj CMakeFiles/metal-static.dir/version.c.obj CMakeFiles/metal-static.dir/system/generic/condition.c.obj CMakeFiles/metal-static.dir/system/generic/device.c.obj CMakeFiles/metal-static.dir/system/generic/init.c.obj CMakeFiles/metal-static.dir/system/generic/io.c.obj CMakeFiles/metal-static.dir/system/generic/irq.c.obj CMakeFiles/metal-static.dir/system/generic/time.c.obj CMakeFiles/metal-static.dir/system/generic/microblaze_generic/sys.c.obj CMakeFiles/metal-static.dir/system/generic/xlnx_common/irq.c.obj
C:/Xilinx/SDK/2019.1/gnu/microblaze/nt/bin/mb-ranlib.exe libmetal.a
[100%] Built target metal-static
Install the project...
-- Install configuration: "Debug"
-- Installing: ../../../include/metal/alloc.h
-- Installing: ../../../include/metal/assert.h
-- Installing: ../../../include/metal/atomic.h
-- Installing: ../../../include/metal/cache.h
-- Installing: ../../../include/metal/compiler.h
-- Installing: ../../../include/metal/condition.h
-- Installing: ../../../include/metal/config.h
-- Installing: ../../../include/metal/cpu.h
-- Installing: ../../../include/metal/device.h
-- Installing: ../../../include/metal/dma.h
-- Installing: ../../../include/metal/io.h
-- Installing: ../../../include/metal/irq.h
-- Installing: ../../../include/metal/irq_controller.h
-- Installing: ../../../include/metal/list.h
-- Installing: ../../../include/metal/log.h
-- Installing: ../../../include/metal/mutex.h
-- Installing: ../../../include/metal/scatterlist.h
-- Installing: ../../../include/metal/shmem.h
-- Installing: ../../../include/metal/shmem-provider.h
-- Installing: ../../../include/metal/sleep.h
-- Installing: ../../../include/metal/softirq.h
-- Installing: ../../../include/metal/spinlock.h
-- Installing: ../../../include/metal/sys.h
-- Installing: ../../../include/metal/time.h
-- Installing: ../../../include/metal/utilities.h
-- Installing: ../../../include/metal/version.h
-- Installing: ../../../include/metal/compiler/gcc/atomic.h
-- Installing: ../../../include/metal/compiler/gcc/compiler.h
-- Installing: ../../../include/metal/compiler/iar/compiler.h
-- Installing: ../../../include/metal/processor/microblaze/atomic.h
-- Installing: ../../../include/metal/processor/microblaze/cpu.h
-- Installing: ../../../include/metal/system/generic/alloc.h
-- Installing: ../../../include/metal/system/generic/assert.h
-- Installing: ../../../include/metal/system/generic/cache.h
-- Installing: ../../../include/metal/system/generic/condition.h
-- Installing: ../../../include/metal/system/generic/io.h
-- Installing: ../../../include/metal/system/generic/irq.h
-- Installing: ../../../include/metal/system/generic/log.h
-- Installing: ../../../include/metal/system/generic/mutex.h
-- Installing: ../../../include/metal/system/generic/sleep.h
-- Installing: ../../../include/metal/system/generic/sys.h
-- Installing: ../../../include/metal/system/generic/microblaze_generic/sys.h
-- Installing: ../../../include/metal/system/generic/xlnx_common/sys.h
-- Installing: ../../../lib/libmetal.a
"Running Make libs in microblaze_0/libsrc/rfdc_v6_0/src"
make -C microblaze_0/libsrc/rfdc_v6_0/src -s libs  "SHELL=CMD" "COMPILER=mb-gcc" "ARCHIVER=mb-ar" "COMPILER_FLAGS=  -O2 -c -mcpu=v11.0 -mlittle-endian -mxl-soft-mul" "EXTRA_COMPILER_FLAGS=-ffunction-sections -fdata-sections -Wall -Wextra"
"Compiling rfdc"
"Running Make libs in microblaze_0/libsrc/standalone_v7_0/src"
make -C microblaze_0/libsrc/standalone_v7_0/src -s libs  "SHELL=CMD" "COMPILER=mb-gcc" "ARCHIVER=mb-ar" "COMPILER_FLAGS=  -O2 -c -mcpu=v11.0 -mlittle-endian -mxl-soft-mul" "EXTRA_COMPILER_FLAGS=-ffunction-sections -fdata-sections -Wall -Wextra"
"Compiling standalone";
microblaze_sleep.c:77:9: note: #pragma message: For the sleep routines, assembly instructions are used
 #pragma message ("For the sleep routines, assembly instructions are used")
         ^~~~~~~
"Running Make libs in microblaze_0/libsrc/uartlite_v3_2/src"
make -C microblaze_0/libsrc/uartlite_v3_2/src -s libs  "SHELL=CMD" "COMPILER=mb-gcc" "ARCHIVER=mb-ar" "COMPILER_FLAGS=  -O2 -c -mcpu=v11.0 -mlittle-endian -mxl-soft-mul" "EXTRA_COMPILER_FLAGS=-ffunction-sections -fdata-sections -Wall -Wextra"
"Compiling uartlite"
'Finished building libraries'
17:49:21 **** Auto Build of configuration Debug for project microblaze_stream_test ****
make all 
'Building file: ../src/drivers/rf.c'
'Invoking: MicroBlaze gcc compiler'
mb-gcc -Wall -O0 -g3 -c -fmessage-length=0 -MT"src/drivers/rf.o" -D __BAREMETAL__ -I../../microblaze_stream_test_bsp/microblaze_0/include -mlittle-endian -mcpu=v11.0 -mxl-soft-mul -Wl,--no-relax -ffunction-sections -fdata-sections -MMD -MP -MF"src/drivers/rf.d" -MT"src/drivers/rf.o" -o "src/drivers/rf.o" "../src/drivers/rf.c"
../src/drivers/rf.c: In function 'gpio_init':
../src/drivers/rf.c:15:3: warning: implicit declaration of function 'debug_print'; did you mean 'xdbg_printf'? [-Wimplicit-function-declaration]
   debug_print("GPIO init success!");
   ^~~~~~~~~~~
   xdbg_printf
../src/drivers/rf.c: In function 'rf_wave_test':
../src/drivers/rf.c:42:6: warning: variable 'test_train' set but not used [-Wunused-but-set-variable]
  u16 test_train[256];
      ^~~~~~~~~~
../src/drivers/rf.c: In function 'rf_init':
../src/drivers/rf.c:123:5: warning: implicit declaration of function 'rf_self_test'; did you mean 'rf_wave_test'? [-Wimplicit-function-declaration]
  if(rf_self_test() == XRFDC_SUCCESS)
     ^~~~~~~~~~~~
     rf_wave_test
'Finished building: ../src/drivers/rf.c'
' '
'Building file: ../src/drivers/uart.c'
'Invoking: MicroBlaze gcc compiler'
mb-gcc -Wall -O0 -g3 -c -fmessage-length=0 -MT"src/drivers/uart.o" -D __BAREMETAL__ -I../../microblaze_stream_test_bsp/microblaze_0/include -mlittle-endian -mcpu=v11.0 -mxl-soft-mul -Wl,--no-relax -ffunction-sections -fdata-sections -MMD -MP -MF"src/drivers/uart.d" -MT"src/drivers/uart.o" -o "src/drivers/uart.o" "../src/drivers/uart.c"
../src/drivers/uart.c: In function 'debug_print':
../src/drivers/uart.c:12:2: warning: implicit declaration of function 'print' [-Wimplicit-function-declaration]
  print(buff);
  ^~~~~
'Finished building: ../src/drivers/uart.c'
' '
'Building file: ../src/helloworld.c'
'Invoking: MicroBlaze gcc compiler'
mb-gcc -Wall -O0 -g3 -c -fmessage-length=0 -MT"src/helloworld.o" -D __BAREMETAL__ -I../../microblaze_stream_test_bsp/microblaze_0/include -mlittle-endian -mcpu=v11.0 -mxl-soft-mul -Wl,--no-relax -ffunction-sections -fdata-sections -MMD -MP -MF"src/helloworld.d" -MT"src/helloworld.o" -o "src/helloworld.o" "../src/helloworld.c"
../src/helloworld.c: In function 'main':
../src/helloworld.c:72:2: warning: implicit declaration of function 'rf_init'; did you mean 'uart_init'? [-Wimplicit-function-declaration]
  rf_init();
  ^~~~~~~
  uart_init
../src/helloworld.c: At top level:
../src/helloworld.c:59:12: warning: 'CompareFabricRate' declared 'static' but never defined [-Wunused-function]
 static int CompareFabricRate(u32 SetFabricRate, u32 GetFabricRate);
            ^~~~~~~~~~~~~~~~~
../src/helloworld.c:58:12: warning: 'SelfTestExample' declared 'static' but never defined [-Wunused-function]
 static int SelfTestExample(u16 SysMonDeviceId);
            ^~~~~~~~~~~~~~~
In file included from ../src/helloworld.c:53:
../src/drivers/rf.h:17:14: warning: 'RFdcInst' defined but not used [-Wunused-variable]
 static XRFdc RFdcInst;      /* RFdc driver instance */
              ^~~~~~~~
'Finished building: ../src/helloworld.c'
' '
'Building file: ../src/platform.c'
'Invoking: MicroBlaze gcc compiler'
mb-gcc -Wall -O0 -g3 -c -fmessage-length=0 -MT"src/platform.o" -D __BAREMETAL__ -I../../microblaze_stream_test_bsp/microblaze_0/include -mlittle-endian -mcpu=v11.0 -mxl-soft-mul -Wl,--no-relax -ffunction-sections -fdata-sections -MMD -MP -MF"src/platform.d" -MT"src/platform.o" -o "src/platform.o" "../src/platform.c"
'Finished building: ../src/platform.c'
' '
'Building target: microblaze_stream_test.elf'
'Invoking: MicroBlaze gcc linker'
mb-gcc -Wl,-T -Wl,../src/lscript.ld -L../../microblaze_stream_test_bsp/microblaze_0/lib -mlittle-endian -mcpu=v11.0 -mxl-soft-mul -Wl,--no-relax -Wl,--gc-sections -o "microblaze_stream_test.elf"  ./src/drivers/rf.o ./src/drivers/uart.o  ./src/helloworld.o ./src/platform.o   -Wl,--start-group,-lxil,-lgcc,-lc,--end-group -Wl,--start-group,-lxil,-lmetal,-lgcc,-lc,--end-group
'Finished building target: microblaze_stream_test.elf'
' '
'Invoking: MicroBlaze Print Size'
mb-size microblaze_stream_test.elf  |tee "microblaze_stream_test.elf.size"
   text	   data	    bss	    dec	    hex	filename
  73018	   3376	   9958	  86352	  15150	microblaze_stream_test.elf
'Finished building: microblaze_stream_test.elf.size'
' '
17:50:45 **** Incremental Build of configuration Debug for project microblaze_stream_test ****
make all 
make: Nothing to be done for 'all'.
